14:00:35.292 [restartedMain] INFO  c.xworkz.dream.XworkzApiApplication - Starting XworkzApiApplication using Java 1.8.0_261 on DESKTOP-E3TF7AL with PID 15460 (C:\Users\Dell\Desktop\DREAM\Xworkz-Api\bin\main started by Dell in C:\Users\Dell\Desktop\DREAM\Xworkz-Api)
14:00:35.300 [restartedMain] INFO  c.xworkz.dream.XworkzApiApplication - The following 1 profile is active: "local"
14:00:35.678 [restartedMain] INFO  o.s.b.d.e.DevToolsPropertyDefaultsPostProcessor - Devtools property defaults active! Set 'spring.devtools.add-properties' to 'false' to disable
14:00:35.679 [restartedMain] INFO  o.s.b.d.e.DevToolsPropertyDefaultsPostProcessor - For additional web related logging consider setting the 'logging.level.web' property to 'DEBUG'
14:00:42.488 [restartedMain] INFO  o.s.cloud.context.scope.GenericScope - BeanFactory id=23aabf2e-d200-3b67-ab4a-1602ec35ccb7
14:00:47.447 [restartedMain] INFO  o.s.b.w.e.tomcat.TomcatWebServer - Tomcat initialized with port(s): 8081 (http)
14:00:47.456 [restartedMain] INFO  o.a.c.core.AprLifecycleListener - An older version [1.2.25] of the Apache Tomcat Native library is installed, while Tomcat recommends a minimum version of [1.2.30]
14:00:47.456 [restartedMain] INFO  o.a.c.core.AprLifecycleListener - Loaded Apache Tomcat Native library [1.2.25] using APR version [1.7.0].
14:00:47.457 [restartedMain] INFO  o.a.c.core.AprLifecycleListener - APR capabilities: IPv6 [true], sendfile [true], accept filters [false], random [true], UDS [false].
14:00:47.457 [restartedMain] INFO  o.a.c.core.AprLifecycleListener - APR/OpenSSL configuration: useAprConnector [false], useOpenSSL [true]
14:00:47.485 [restartedMain] INFO  o.a.c.core.AprLifecycleListener - OpenSSL successfully initialized [OpenSSL 1.1.1g  21 Apr 2020]
14:00:47.522 [restartedMain] INFO  o.a.catalina.core.StandardService - Starting service [Tomcat]
14:00:47.523 [restartedMain] INFO  o.a.catalina.core.StandardEngine - Starting Servlet engine: [Apache Tomcat/9.0.68]
14:00:48.175 [restartedMain] INFO  o.a.c.c.C.[Tomcat].[localhost].[/] - Initializing Spring embedded WebApplicationContext
14:00:48.177 [restartedMain] INFO  o.s.b.w.s.c.ServletWebServerApplicationContext - Root WebApplicationContext: initialization completed in 12496 ms
14:00:48.761 [restartedMain] INFO  c.xworkz.dream.util.EncryptionHelper - {} is Created...........
14:00:51.908 [restartedMain] INFO  o.s.b.d.a.OptionalLiveReloadServer - LiveReload server is running on port 35729
14:01:02.481 [restartedMain] INFO  o.s.b.w.e.tomcat.TomcatWebServer - Tomcat started on port(s): 8081 (http) with context path ''
14:01:06.447 [restartedMain] INFO  c.xworkz.dream.XworkzApiApplication - Started XworkzApiApplication in 34.097 seconds (JVM running for 36.528)
20:00:59.712 [File Watcher] INFO  o.s.b.d.a.LocalDevToolsAutoConfiguration$RestartingClassPathChangeChangedEventListener - Restarting due to 1 class path change (0 additions, 0 deletions, 1 modification)
20:01:00.415 [Thread-6] INFO  o.a.catalina.core.StandardService - Stopping service [Tomcat]
20:01:02.671 [restartedMain] INFO  c.xworkz.dream.XworkzApiApplication - Starting XworkzApiApplication using Java 1.8.0_261 on DESKTOP-E3TF7AL with PID 15460 (C:\Users\Dell\Desktop\DREAM\Xworkz-Api\bin\main started by Dell in C:\Users\Dell\Desktop\DREAM\Xworkz-Api)
20:01:02.679 [restartedMain] INFO  c.xworkz.dream.XworkzApiApplication - The following 1 profile is active: "local"
20:01:05.252 [restartedMain] INFO  o.s.cloud.context.scope.GenericScope - BeanFactory id=23aabf2e-d200-3b67-ab4a-1602ec35ccb7
20:01:06.379 [restartedMain] INFO  o.s.b.w.e.tomcat.TomcatWebServer - Tomcat initialized with port(s): 8081 (http)
20:01:06.381 [restartedMain] INFO  o.a.c.core.AprLifecycleListener - An older version [1.2.25] of the Apache Tomcat Native library is installed, while Tomcat recommends a minimum version of [1.2.30]
20:01:06.381 [restartedMain] INFO  o.a.c.core.AprLifecycleListener - Loaded Apache Tomcat Native library [1.2.25] using APR version [1.7.0].
20:01:06.381 [restartedMain] INFO  o.a.c.core.AprLifecycleListener - APR capabilities: IPv6 [true], sendfile [true], accept filters [false], random [true], UDS [false].
20:01:06.381 [restartedMain] INFO  o.a.c.core.AprLifecycleListener - APR/OpenSSL configuration: useAprConnector [false], useOpenSSL [true]
20:01:06.388 [restartedMain] INFO  o.a.c.core.AprLifecycleListener - OpenSSL successfully initialized [OpenSSL 1.1.1g  21 Apr 2020]
20:01:06.389 [restartedMain] INFO  o.a.catalina.core.StandardService - Starting service [Tomcat]
20:01:06.390 [restartedMain] INFO  o.a.catalina.core.StandardEngine - Starting Servlet engine: [Apache Tomcat/9.0.68]
20:01:06.472 [restartedMain] INFO  o.a.c.c.C.[Tomcat].[localhost].[/] - Initializing Spring embedded WebApplicationContext
20:01:06.472 [restartedMain] INFO  o.s.b.w.s.c.ServletWebServerApplicationContext - Root WebApplicationContext: initialization completed in 3747 ms
20:01:06.554 [restartedMain] INFO  c.xworkz.dream.util.EncryptionHelper - {} is Created...........
20:01:07.635 [restartedMain] INFO  o.s.b.d.a.OptionalLiveReloadServer - LiveReload server is running on port 35729
20:01:12.395 [restartedMain] INFO  o.s.b.w.e.tomcat.TomcatWebServer - Tomcat started on port(s): 8081 (http) with context path ''
20:01:14.514 [restartedMain] INFO  c.xworkz.dream.XworkzApiApplication - Started XworkzApiApplication in 12.896 seconds (JVM running for 21641.327)
20:01:14.525 [restartedMain] INFO  o.s.b.d.a.ConditionEvaluationDeltaLoggingListener - Condition evaluation unchanged
20:01:16.661 [File Watcher] INFO  o.s.b.d.a.LocalDevToolsAutoConfiguration$RestartingClassPathChangeChangedEventListener - Restarting due to 1 class path change (0 additions, 0 deletions, 1 modification)
20:01:17.332 [Thread-10] INFO  o.a.catalina.core.StandardService - Stopping service [Tomcat]
20:01:18.934 [restartedMain] INFO  c.xworkz.dream.XworkzApiApplication - Starting XworkzApiApplication using Java 1.8.0_261 on DESKTOP-E3TF7AL with PID 15460 (C:\Users\Dell\Desktop\DREAM\Xworkz-Api\bin\main started by Dell in C:\Users\Dell\Desktop\DREAM\Xworkz-Api)
20:01:18.935 [restartedMain] INFO  c.xworkz.dream.XworkzApiApplication - The following 1 profile is active: "local"
20:01:20.799 [restartedMain] INFO  o.s.cloud.context.scope.GenericScope - BeanFactory id=23aabf2e-d200-3b67-ab4a-1602ec35ccb7
20:01:21.411 [restartedMain] INFO  o.s.b.w.e.tomcat.TomcatWebServer - Tomcat initialized with port(s): 8081 (http)
20:01:21.414 [restartedMain] INFO  o.a.c.core.AprLifecycleListener - An older version [1.2.25] of the Apache Tomcat Native library is installed, while Tomcat recommends a minimum version of [1.2.30]
20:01:21.417 [restartedMain] INFO  o.a.c.core.AprLifecycleListener - Loaded Apache Tomcat Native library [1.2.25] using APR version [1.7.0].
20:01:21.419 [restartedMain] INFO  o.a.c.core.AprLifecycleListener - APR capabilities: IPv6 [true], sendfile [true], accept filters [false], random [true], UDS [false].
20:01:21.422 [restartedMain] INFO  o.a.c.core.AprLifecycleListener - APR/OpenSSL configuration: useAprConnector [false], useOpenSSL [true]
20:01:21.429 [restartedMain] INFO  o.a.c.core.AprLifecycleListener - OpenSSL successfully initialized [OpenSSL 1.1.1g  21 Apr 2020]
20:01:21.434 [restartedMain] INFO  o.a.catalina.core.StandardService - Starting service [Tomcat]
20:01:21.436 [restartedMain] INFO  o.a.catalina.core.StandardEngine - Starting Servlet engine: [Apache Tomcat/9.0.68]
20:01:21.518 [restartedMain] INFO  o.a.c.c.C.[Tomcat].[localhost].[/] - Initializing Spring embedded WebApplicationContext
20:01:21.519 [restartedMain] INFO  o.s.b.w.s.c.ServletWebServerApplicationContext - Root WebApplicationContext: initialization completed in 2415 ms
20:01:21.631 [restartedMain] INFO  c.xworkz.dream.util.EncryptionHelper - {} is Created...........
20:01:22.311 [restartedMain] INFO  o.s.b.d.a.OptionalLiveReloadServer - LiveReload server is running on port 35729
20:01:23.711 [restartedMain] INFO  o.s.b.w.e.tomcat.TomcatWebServer - Tomcat started on port(s): 8081 (http) with context path ''
20:01:24.889 [restartedMain] INFO  c.xworkz.dream.XworkzApiApplication - Started XworkzApiApplication in 6.636 seconds (JVM running for 21651.702)
20:01:24.892 [restartedMain] INFO  o.s.b.d.a.ConditionEvaluationDeltaLoggingListener - Condition evaluation unchanged
20:02:39.072 [File Watcher] INFO  o.s.b.d.a.LocalDevToolsAutoConfiguration$RestartingClassPathChangeChangedEventListener - Restarting due to 1 class path change (0 additions, 0 deletions, 1 modification)
20:02:39.322 [Thread-16] INFO  o.a.catalina.core.StandardService - Stopping service [Tomcat]
20:02:40.167 [restartedMain] INFO  c.xworkz.dream.XworkzApiApplication - Starting XworkzApiApplication using Java 1.8.0_261 on DESKTOP-E3TF7AL with PID 15460 (C:\Users\Dell\Desktop\DREAM\Xworkz-Api\bin\main started by Dell in C:\Users\Dell\Desktop\DREAM\Xworkz-Api)
20:02:40.168 [restartedMain] INFO  c.xworkz.dream.XworkzApiApplication - The following 1 profile is active: "local"
20:02:41.825 [restartedMain] INFO  o.s.cloud.context.scope.GenericScope - BeanFactory id=23aabf2e-d200-3b67-ab4a-1602ec35ccb7
20:02:42.340 [restartedMain] INFO  o.s.b.w.e.tomcat.TomcatWebServer - Tomcat initialized with port(s): 8081 (http)
20:02:42.342 [restartedMain] INFO  o.a.c.core.AprLifecycleListener - An older version [1.2.25] of the Apache Tomcat Native library is installed, while Tomcat recommends a minimum version of [1.2.30]
20:02:42.345 [restartedMain] INFO  o.a.c.core.AprLifecycleListener - Loaded Apache Tomcat Native library [1.2.25] using APR version [1.7.0].
20:02:42.350 [restartedMain] INFO  o.a.c.core.AprLifecycleListener - APR capabilities: IPv6 [true], sendfile [true], accept filters [false], random [true], UDS [false].
20:02:42.352 [restartedMain] INFO  o.a.c.core.AprLifecycleListener - APR/OpenSSL configuration: useAprConnector [false], useOpenSSL [true]
20:02:42.355 [restartedMain] INFO  o.a.c.core.AprLifecycleListener - OpenSSL successfully initialized [OpenSSL 1.1.1g  21 Apr 2020]
20:02:42.362 [restartedMain] INFO  o.a.catalina.core.StandardService - Starting service [Tomcat]
20:02:42.362 [restartedMain] INFO  o.a.catalina.core.StandardEngine - Starting Servlet engine: [Apache Tomcat/9.0.68]
20:02:42.442 [restartedMain] INFO  o.a.c.c.C.[Tomcat].[localhost].[/] - Initializing Spring embedded WebApplicationContext
20:02:42.447 [restartedMain] INFO  o.s.b.w.s.c.ServletWebServerApplicationContext - Root WebApplicationContext: initialization completed in 2265 ms
20:02:42.487 [restartedMain] INFO  c.xworkz.dream.util.EncryptionHelper - {} is Created...........
20:02:42.793 [restartedMain] INFO  o.s.b.d.a.OptionalLiveReloadServer - LiveReload server is running on port 35729
20:02:44.384 [restartedMain] INFO  o.s.b.w.e.tomcat.TomcatWebServer - Tomcat started on port(s): 8081 (http) with context path ''
20:02:46.018 [restartedMain] INFO  c.xworkz.dream.XworkzApiApplication - Started XworkzApiApplication in 6.364 seconds (JVM running for 21732.831)
20:02:46.022 [restartedMain] INFO  o.s.b.d.a.ConditionEvaluationDeltaLoggingListener - Condition evaluation unchanged
20:02:55.311 [restartedMain] INFO  c.xworkz.dream.XworkzApiApplication - Starting XworkzApiApplication using Java 1.8.0_261 on DESKTOP-E3TF7AL with PID 11532 (C:\Users\Dell\Desktop\DREAM\Xworkz-Api\bin\main started by Dell in C:\Users\Dell\Desktop\DREAM\Xworkz-Api)
20:02:55.313 [restartedMain] INFO  c.xworkz.dream.XworkzApiApplication - The following 1 profile is active: "local"
20:02:55.750 [restartedMain] INFO  o.s.b.d.e.DevToolsPropertyDefaultsPostProcessor - Devtools property defaults active! Set 'spring.devtools.add-properties' to 'false' to disable
20:02:55.755 [restartedMain] INFO  o.s.b.d.e.DevToolsPropertyDefaultsPostProcessor - For additional web related logging consider setting the 'logging.level.web' property to 'DEBUG'
20:03:01.409 [restartedMain] INFO  o.s.cloud.context.scope.GenericScope - BeanFactory id=23aabf2e-d200-3b67-ab4a-1602ec35ccb7
20:03:05.593 [restartedMain] INFO  o.s.b.w.e.tomcat.TomcatWebServer - Tomcat initialized with port(s): 8081 (http)
20:03:05.599 [restartedMain] INFO  o.a.c.core.AprLifecycleListener - An older version [1.2.25] of the Apache Tomcat Native library is installed, while Tomcat recommends a minimum version of [1.2.30]
20:03:05.600 [restartedMain] INFO  o.a.c.core.AprLifecycleListener - Loaded Apache Tomcat Native library [1.2.25] using APR version [1.7.0].
20:03:05.600 [restartedMain] INFO  o.a.c.core.AprLifecycleListener - APR capabilities: IPv6 [true], sendfile [true], accept filters [false], random [true], UDS [false].
20:03:05.601 [restartedMain] INFO  o.a.c.core.AprLifecycleListener - APR/OpenSSL configuration: useAprConnector [false], useOpenSSL [true]
20:03:05.626 [restartedMain] INFO  o.a.c.core.AprLifecycleListener - OpenSSL successfully initialized [OpenSSL 1.1.1g  21 Apr 2020]
20:03:05.657 [restartedMain] INFO  o.a.catalina.core.StandardService - Starting service [Tomcat]
20:03:05.659 [restartedMain] INFO  o.a.catalina.core.StandardEngine - Starting Servlet engine: [Apache Tomcat/9.0.68]
20:03:05.984 [restartedMain] INFO  o.a.c.c.C.[Tomcat].[localhost].[/] - Initializing Spring embedded WebApplicationContext
20:03:05.986 [restartedMain] INFO  o.s.b.w.s.c.ServletWebServerApplicationContext - Root WebApplicationContext: initialization completed in 10227 ms
20:03:06.362 [restartedMain] INFO  c.xworkz.dream.util.EncryptionHelper - {} is Created...........
20:03:08.531 [restartedMain] WARN  o.s.b.d.a.OptionalLiveReloadServer - Unable to start LiveReload server
20:03:17.143 [restartedMain] WARN  o.s.b.w.s.c.AnnotationConfigServletWebServerApplicationContext - Exception encountered during context initialization - cancelling refresh attempt: org.springframework.context.ApplicationContextException: Failed to start bean 'webServerStartStop'; nested exception is org.springframework.boot.web.server.PortInUseException: Port 8081 is already in use
20:03:17.168 [restartedMain] INFO  o.a.catalina.core.StandardService - Stopping service [Tomcat]
20:03:17.256 [restartedMain] INFO  o.s.b.a.l.ConditionEvaluationReportLoggingListener - 

Error starting ApplicationContext. To display the conditions report re-run your application with 'debug' enabled.
20:03:17.432 [restartedMain] ERROR o.s.b.d.LoggingFailureAnalysisReporter - 

***************************
APPLICATION FAILED TO START
***************************

Description:

Web server failed to start. Port 8081 was already in use.

Action:

Identify and stop the process that's listening on port 8081 or configure this application to listen on another port.

20:04:11.515 [http-nio-8081-exec-2] INFO  o.a.c.c.C.[Tomcat].[localhost].[/] - Initializing Spring DispatcherServlet 'dispatcherServlet'
20:04:11.517 [http-nio-8081-exec-2] INFO  o.s.web.servlet.DispatcherServlet - Initializing Servlet 'dispatcherServlet'
20:04:11.520 [http-nio-8081-exec-2] INFO  o.s.web.servlet.DispatcherServlet - Completed initialization in 3 ms
20:04:11.970 [http-nio-8081-exec-6] INFO  c.x.d.resource.DreamApiController - Getting CourseName : Active
20:04:12.610 [http-nio-8081-exec-4] INFO  c.x.dream.resource.OptionController - Getting Dropddown data
20:04:33.439 [http-nio-8081-exec-8] INFO  c.x.d.resource.DreamApiController - Checking email: suhasnb96@gmail.com
20:04:33.939 [http-nio-8081-exec-8] INFO  c.x.dream.service.DreamServiceImpl - Email does not exist in spreadsheetId: 1p3G4et36vkzSDs3W63cj6qnUFEWljLos2HHXIZd78Gg
20:04:35.783 [http-nio-8081-exec-2] ERROR o.a.c.c.C.[.[.[.[dispatcherServlet] - Servlet.service() for servlet [dispatcherServlet] in context with path [] threw exception [Request processing failed; nested exception is feign.FeignException$FeignClientException: [402 Payment Required] during [GET] to [https://api.emailable.com/v1/verify?email=suhasnb96%40gmail.com&api_key=live_1c9a44377323556a9243] [EmailableClient#verifyEmail(String,String)]: [{"message":"Your account is out of credits. Please visit https://app.emailable.com/checkout/credits to purchase more."}]] with root cause
feign.FeignException$FeignClientException: [402 Payment Required] during [GET] to [https://api.emailable.com/v1/verify?email=suhasnb96%40gmail.com&api_key=live_1c9a44377323556a9243] [EmailableClient#verifyEmail(String,String)]: [{"message":"Your account is out of credits. Please visit https://app.emailable.com/checkout/credits to purchase more."}]
	at feign.FeignException.clientErrorStatus(FeignException.java:235) ~[feign-core-11.8.jar:na]
	at feign.FeignException.errorStatus(FeignException.java:194) ~[feign-core-11.8.jar:na]
	at feign.FeignException.errorStatus(FeignException.java:185) ~[feign-core-11.8.jar:na]
	at feign.codec.ErrorDecoder$Default.decode(ErrorDecoder.java:92) ~[feign-core-11.8.jar:na]
	at feign.AsyncResponseHandler.handleResponse(AsyncResponseHandler.java:96) ~[feign-core-11.8.jar:na]
	at feign.SynchronousMethodHandler.executeAndDecode(SynchronousMethodHandler.java:138) ~[feign-core-11.8.jar:na]
	at feign.SynchronousMethodHandler.invoke(SynchronousMethodHandler.java:89) ~[feign-core-11.8.jar:na]
	at feign.ReflectiveFeign$FeignInvocationHandler.invoke(ReflectiveFeign.java:100) ~[feign-core-11.8.jar:na]
	at org.springframework.cloud.openfeign.FeignCachingInvocationHandlerFactory$1.proceed(FeignCachingInvocationHandlerFactory.java:66) ~[spring-cloud-openfeign-core-3.1.3.jar:3.1.3]
	at org.springframework.cache.interceptor.CacheInterceptor.lambda$invoke$0(CacheInterceptor.java:54) ~[spring-context-5.3.23.jar:5.3.23]
	at org.springframework.cache.interceptor.CacheAspectSupport.execute(CacheAspectSupport.java:351) ~[spring-context-5.3.23.jar:5.3.23]
	at org.springframework.cache.interceptor.CacheInterceptor.invoke(CacheInterceptor.java:64) ~[spring-context-5.3.23.jar:5.3.23]
	at org.springframework.cloud.openfeign.FeignCachingInvocationHandlerFactory.lambda$create$1(FeignCachingInvocationHandlerFactory.java:53) ~[spring-cloud-openfeign-core-3.1.3.jar:3.1.3]
	at com.sun.proxy.$Proxy124.verifyEmail(Unknown Source) ~[na:na]
	at com.xworkz.dream.service.DreamServiceImpl.verifyEmails(DreamServiceImpl.java:1039) ~[main/:na]
	at com.xworkz.dream.resource.DreamApiController.verifydEmails(DreamApiController.java:215) ~[main/:na]
	at sun.reflect.NativeMethodAccessorImpl.invoke0(Native Method) ~[na:1.8.0_261]
	at sun.reflect.NativeMethodAccessorImpl.invoke(NativeMethodAccessorImpl.java:62) ~[na:1.8.0_261]
	at sun.reflect.DelegatingMethodAccessorImpl.invoke(DelegatingMethodAccessorImpl.java:43) ~[na:1.8.0_261]
	at java.lang.reflect.Method.invoke(Method.java:498) ~[na:1.8.0_261]
	at org.springframework.web.method.support.InvocableHandlerMethod.doInvoke(InvocableHandlerMethod.java:205) ~[spring-web-5.3.23.jar:5.3.23]
	at org.springframework.web.method.support.InvocableHandlerMethod.invokeForRequest(InvocableHandlerMethod.java:150) ~[spring-web-5.3.23.jar:5.3.23]
	at org.springframework.web.servlet.mvc.method.annotation.ServletInvocableHandlerMethod.invokeAndHandle(ServletInvocableHandlerMethod.java:117) ~[spring-webmvc-5.3.23.jar:5.3.23]
	at org.springframework.web.servlet.mvc.method.annotation.RequestMappingHandlerAdapter.invokeHandlerMethod(RequestMappingHandlerAdapter.java:895) ~[spring-webmvc-5.3.23.jar:5.3.23]
	at org.springframework.web.servlet.mvc.method.annotation.RequestMappingHandlerAdapter.handleInternal(RequestMappingHandlerAdapter.java:808) ~[spring-webmvc-5.3.23.jar:5.3.23]
	at org.springframework.web.servlet.mvc.method.AbstractHandlerMethodAdapter.handle(AbstractHandlerMethodAdapter.java:87) ~[spring-webmvc-5.3.23.jar:5.3.23]
	at org.springframework.web.servlet.DispatcherServlet.doDispatch(DispatcherServlet.java:1071) ~[spring-webmvc-5.3.23.jar:5.3.23]
	at org.springframework.web.servlet.DispatcherServlet.doService(DispatcherServlet.java:964) ~[spring-webmvc-5.3.23.jar:5.3.23]
	at org.springframework.web.servlet.FrameworkServlet.processRequest(FrameworkServlet.java:1006) ~[spring-webmvc-5.3.23.jar:5.3.23]
	at org.springframework.web.servlet.FrameworkServlet.doGet(FrameworkServlet.java:898) ~[spring-webmvc-5.3.23.jar:5.3.23]
	at javax.servlet.http.HttpServlet.service(HttpServlet.java:670) ~[tomcat-embed-core-9.0.68.jar:4.0.FR]
	at org.springframework.web.servlet.FrameworkServlet.service(FrameworkServlet.java:883) ~[spring-webmvc-5.3.23.jar:5.3.23]
	at javax.servlet.http.HttpServlet.service(HttpServlet.java:779) ~[tomcat-embed-core-9.0.68.jar:4.0.FR]
	at org.apache.catalina.core.ApplicationFilterChain.internalDoFilter(ApplicationFilterChain.java:227) ~[tomcat-embed-core-9.0.68.jar:9.0.68]
	at org.apache.catalina.core.ApplicationFilterChain.doFilter(ApplicationFilterChain.java:162) ~[tomcat-embed-core-9.0.68.jar:9.0.68]
	at org.apache.tomcat.websocket.server.WsFilter.doFilter(WsFilter.java:53) ~[tomcat-embed-websocket-9.0.68.jar:9.0.68]
	at org.apache.catalina.core.ApplicationFilterChain.internalDoFilter(ApplicationFilterChain.java:189) ~[tomcat-embed-core-9.0.68.jar:9.0.68]
	at org.apache.catalina.core.ApplicationFilterChain.doFilter(ApplicationFilterChain.java:162) ~[tomcat-embed-core-9.0.68.jar:9.0.68]
	at org.springframework.web.filter.CharacterEncodingFilter.doFilterInternal(CharacterEncodingFilter.java:201) ~[spring-web-5.3.23.jar:5.3.23]
	at org.springframework.web.filter.OncePerRequestFilter.doFilter(OncePerRequestFilter.java:117) ~[spring-web-5.3.23.jar:5.3.23]
	at org.apache.catalina.core.ApplicationFilterChain.internalDoFilter(ApplicationFilterChain.java:189) ~[tomcat-embed-core-9.0.68.jar:9.0.68]
	at org.apache.catalina.core.ApplicationFilterChain.doFilter(ApplicationFilterChain.java:162) ~[tomcat-embed-core-9.0.68.jar:9.0.68]
	at org.apache.catalina.core.StandardWrapperValve.invoke(StandardWrapperValve.java:197) ~[tomcat-embed-core-9.0.68.jar:9.0.68]
	at org.apache.catalina.core.StandardContextValve.invoke(StandardContextValve.java:97) [tomcat-embed-core-9.0.68.jar:9.0.68]
	at org.apache.catalina.authenticator.AuthenticatorBase.invoke(AuthenticatorBase.java:541) [tomcat-embed-core-9.0.68.jar:9.0.68]
	at org.apache.catalina.core.StandardHostValve.invoke(StandardHostValve.java:135) [tomcat-embed-core-9.0.68.jar:9.0.68]
	at org.apache.catalina.valves.ErrorReportValve.invoke(ErrorReportValve.java:92) [tomcat-embed-core-9.0.68.jar:9.0.68]
	at org.apache.catalina.core.StandardEngineValve.invoke(StandardEngineValve.java:78) [tomcat-embed-core-9.0.68.jar:9.0.68]
	at org.apache.catalina.connector.CoyoteAdapter.service(CoyoteAdapter.java:360) [tomcat-embed-core-9.0.68.jar:9.0.68]
	at org.apache.coyote.http11.Http11Processor.service(Http11Processor.java:399) [tomcat-embed-core-9.0.68.jar:9.0.68]
	at org.apache.coyote.AbstractProcessorLight.process(AbstractProcessorLight.java:65) [tomcat-embed-core-9.0.68.jar:9.0.68]
	at org.apache.coyote.AbstractProtocol$ConnectionHandler.process(AbstractProtocol.java:893) [tomcat-embed-core-9.0.68.jar:9.0.68]
	at org.apache.tomcat.util.net.NioEndpoint$SocketProcessor.doRun(NioEndpoint.java:1789) [tomcat-embed-core-9.0.68.jar:9.0.68]
	at org.apache.tomcat.util.net.SocketProcessorBase.run(SocketProcessorBase.java:49) [tomcat-embed-core-9.0.68.jar:9.0.68]
	at org.apache.tomcat.util.threads.ThreadPoolExecutor.runWorker(ThreadPoolExecutor.java:1191) [tomcat-embed-core-9.0.68.jar:9.0.68]
	at org.apache.tomcat.util.threads.ThreadPoolExecutor$Worker.run(ThreadPoolExecutor.java:659) [tomcat-embed-core-9.0.68.jar:9.0.68]
	at org.apache.tomcat.util.threads.TaskThread$WrappingRunnable.run(TaskThread.java:61) [tomcat-embed-core-9.0.68.jar:9.0.68]
	at java.lang.Thread.run(Thread.java:748) [na:1.8.0_261]
20:05:00.448 [http-nio-8081-exec-1] INFO  c.x.d.resource.DreamApiController - Checking contact number: 8050319217
20:05:00.943 [http-nio-8081-exec-1] INFO  c.x.dream.service.DreamServiceImpl - Contact Number does not exist in spreadsheetId: 1p3G4et36vkzSDs3W63cj6qnUFEWljLos2HHXIZd78Gg
20:05:50.992 [http-nio-8081-exec-6] INFO  c.x.d.resource.DreamApiController - Getting CourseDetails : 
20:05:54.559 [http-nio-8081-exec-9] INFO  c.x.d.resource.DreamApiController - Getting CourseDetails : Oct-10
20:06:03.331 [http-nio-8081-exec-10] INFO  c.x.d.resource.DreamApiController - Registering trainee details: TraineeDto(id=null, basicInfo=BasicInfoDto(traineeName=suhas N B, email=suhasnb96@gmail.com, contactNumber=8050319217, dateOfBirth=1996-10-22), educationInfo=EducationInfoDto(qualification=BE, stream=Civil Engineering, yearOfPassout=2019, collegeName=AGM Rural Engineering College, Varur, Hubli), courseInfo=CourseDto(course=Oct-10, branch=Rajajinagar, trainerName=Suhas, batchType=Morining, batchTiming=08:00, startTime=10-10-2023, offeredAs=CSR Offered), othersDto=OthersDto(referalName=null, referalContactNumber=null, comments=null, xworkzEmail=null, working=null, PreferredLocation=null, PreferredClassType=null, sendWhatsAppLink=null, registrationDate=null), adminDto=AdminDto(createdBy=amulya@x-workz.in, createdOn=null, updatedBy=null, updatedOn=null))
20:06:04.785 [http-nio-8081-exec-10] INFO  c.x.dream.service.DreamServiceImpl - Data written successfully to spreadsheetId and Added to Follow Up: 1p3G4et36vkzSDs3W63cj6qnUFEWljLos2HHXIZd78Gg
20:09:10.392 [restartedMain] INFO  c.xworkz.dream.XworkzApiApplication - Starting XworkzApiApplication using Java 1.8.0_261 on DESKTOP-E3TF7AL with PID 9348 (C:\Users\Dell\Desktop\DREAM\Xworkz-Api\bin\main started by Dell in C:\Users\Dell\Desktop\DREAM\Xworkz-Api)
20:09:10.397 [restartedMain] INFO  c.xworkz.dream.XworkzApiApplication - The following 1 profile is active: "local"
20:09:10.643 [restartedMain] INFO  o.s.b.d.e.DevToolsPropertyDefaultsPostProcessor - Devtools property defaults active! Set 'spring.devtools.add-properties' to 'false' to disable
20:09:10.644 [restartedMain] INFO  o.s.b.d.e.DevToolsPropertyDefaultsPostProcessor - For additional web related logging consider setting the 'logging.level.web' property to 'DEBUG'
20:09:14.958 [restartedMain] INFO  o.s.cloud.context.scope.GenericScope - BeanFactory id=23aabf2e-d200-3b67-ab4a-1602ec35ccb7
20:09:19.179 [restartedMain] INFO  o.s.b.w.e.tomcat.TomcatWebServer - Tomcat initialized with port(s): 8081 (http)
20:09:19.182 [restartedMain] INFO  o.a.c.core.AprLifecycleListener - An older version [1.2.25] of the Apache Tomcat Native library is installed, while Tomcat recommends a minimum version of [1.2.30]
20:09:19.183 [restartedMain] INFO  o.a.c.core.AprLifecycleListener - Loaded Apache Tomcat Native library [1.2.25] using APR version [1.7.0].
20:09:19.183 [restartedMain] INFO  o.a.c.core.AprLifecycleListener - APR capabilities: IPv6 [true], sendfile [true], accept filters [false], random [true], UDS [false].
20:09:19.183 [restartedMain] INFO  o.a.c.core.AprLifecycleListener - APR/OpenSSL configuration: useAprConnector [false], useOpenSSL [true]
20:09:19.206 [restartedMain] INFO  o.a.c.core.AprLifecycleListener - OpenSSL successfully initialized [OpenSSL 1.1.1g  21 Apr 2020]
20:09:19.236 [restartedMain] INFO  o.a.catalina.core.StandardService - Starting service [Tomcat]
20:09:19.237 [restartedMain] INFO  o.a.catalina.core.StandardEngine - Starting Servlet engine: [Apache Tomcat/9.0.68]
20:09:19.611 [restartedMain] INFO  o.a.c.c.C.[Tomcat].[localhost].[/] - Initializing Spring embedded WebApplicationContext
20:09:19.618 [restartedMain] INFO  o.s.b.w.s.c.ServletWebServerApplicationContext - Root WebApplicationContext: initialization completed in 8970 ms
20:09:19.984 [restartedMain] INFO  c.xworkz.dream.util.EncryptionHelper - {} is Created...........
20:09:21.781 [restartedMain] INFO  o.s.b.d.a.OptionalLiveReloadServer - LiveReload server is running on port 35729
20:09:34.095 [restartedMain] INFO  o.s.b.w.e.tomcat.TomcatWebServer - Tomcat started on port(s): 8081 (http) with context path ''
20:09:38.494 [restartedMain] INFO  c.xworkz.dream.XworkzApiApplication - Started XworkzApiApplication in 30.214 seconds (JVM running for 32.708)
20:10:17.722 [restartedMain] INFO  c.xworkz.dream.XworkzApiApplication - Starting XworkzApiApplication using Java 1.8.0_261 on DESKTOP-E3TF7AL with PID 20420 (C:\Users\Dell\Desktop\DREAM\Xworkz-Api\bin\main started by Dell in C:\Users\Dell\Desktop\DREAM\Xworkz-Api)
20:10:17.732 [restartedMain] INFO  c.xworkz.dream.XworkzApiApplication - The following 1 profile is active: "local"
20:10:17.941 [restartedMain] INFO  o.s.b.d.e.DevToolsPropertyDefaultsPostProcessor - Devtools property defaults active! Set 'spring.devtools.add-properties' to 'false' to disable
20:10:17.942 [restartedMain] INFO  o.s.b.d.e.DevToolsPropertyDefaultsPostProcessor - For additional web related logging consider setting the 'logging.level.web' property to 'DEBUG'
20:10:22.505 [restartedMain] INFO  o.s.cloud.context.scope.GenericScope - BeanFactory id=23aabf2e-d200-3b67-ab4a-1602ec35ccb7
20:10:25.718 [restartedMain] INFO  o.s.b.w.e.tomcat.TomcatWebServer - Tomcat initialized with port(s): 8081 (http)
20:10:25.720 [restartedMain] INFO  o.a.c.core.AprLifecycleListener - An older version [1.2.25] of the Apache Tomcat Native library is installed, while Tomcat recommends a minimum version of [1.2.30]
20:10:25.721 [restartedMain] INFO  o.a.c.core.AprLifecycleListener - Loaded Apache Tomcat Native library [1.2.25] using APR version [1.7.0].
20:10:25.721 [restartedMain] INFO  o.a.c.core.AprLifecycleListener - APR capabilities: IPv6 [true], sendfile [true], accept filters [false], random [true], UDS [false].
20:10:25.721 [restartedMain] INFO  o.a.c.core.AprLifecycleListener - APR/OpenSSL configuration: useAprConnector [false], useOpenSSL [true]
20:10:25.728 [restartedMain] INFO  o.a.c.core.AprLifecycleListener - OpenSSL successfully initialized [OpenSSL 1.1.1g  21 Apr 2020]
20:10:25.753 [restartedMain] INFO  o.a.catalina.core.StandardService - Starting service [Tomcat]
20:10:25.754 [restartedMain] INFO  o.a.catalina.core.StandardEngine - Starting Servlet engine: [Apache Tomcat/9.0.68]
20:10:26.232 [restartedMain] INFO  o.a.c.c.C.[Tomcat].[localhost].[/] - Initializing Spring embedded WebApplicationContext
20:10:26.233 [restartedMain] INFO  o.s.b.w.s.c.ServletWebServerApplicationContext - Root WebApplicationContext: initialization completed in 8289 ms
20:10:26.905 [restartedMain] INFO  c.xworkz.dream.util.EncryptionHelper - {} is Created...........
20:10:29.615 [restartedMain] INFO  o.s.b.d.a.OptionalLiveReloadServer - LiveReload server is running on port 35729
20:10:38.658 [restartedMain] INFO  o.s.b.w.e.tomcat.TomcatWebServer - Tomcat started on port(s): 8081 (http) with context path ''
20:10:41.139 [restartedMain] INFO  c.xworkz.dream.XworkzApiApplication - Started XworkzApiApplication in 25.433 seconds (JVM running for 28.785)
20:10:51.315 [http-nio-8081-exec-1] INFO  o.a.c.c.C.[Tomcat].[localhost].[/] - Initializing Spring DispatcherServlet 'dispatcherServlet'
20:10:51.315 [http-nio-8081-exec-1] INFO  o.s.web.servlet.DispatcherServlet - Initializing Servlet 'dispatcherServlet'
20:10:51.318 [http-nio-8081-exec-1] INFO  o.s.web.servlet.DispatcherServlet - Completed initialization in 3 ms
20:10:51.484 [http-nio-8081-exec-4] INFO  c.x.d.resource.DreamApiController - Getting CourseName : Active
20:10:52.504 [http-nio-8081-exec-5] ERROR o.a.c.c.C.[.[.[.[dispatcherServlet] - Servlet.service() for servlet [dispatcherServlet] in context with path [] threw exception [Request processing failed; nested exception is java.lang.NumberFormatException: For input string: "vinoda"] with root cause
java.lang.NumberFormatException: For input string: "vinoda"
	at java.lang.NumberFormatException.forInputString(NumberFormatException.java:65)
	at java.lang.Integer.parseInt(Integer.java:580)
	at java.lang.Integer.valueOf(Integer.java:766)
	at com.xworkz.dream.wrapper.DreamWrapper.listToDto(DreamWrapper.java:172)
	at com.xworkz.dream.service.DreamServiceImpl.getLimitedRows(DreamServiceImpl.java:416)
	at com.xworkz.dream.service.DreamServiceImpl.readData(DreamServiceImpl.java:388)
	at com.xworkz.dream.resource.DreamApiController.readData(DreamApiController.java:99)
	at sun.reflect.NativeMethodAccessorImpl.invoke0(Native Method)
	at sun.reflect.NativeMethodAccessorImpl.invoke(NativeMethodAccessorImpl.java:62)
	at sun.reflect.DelegatingMethodAccessorImpl.invoke(DelegatingMethodAccessorImpl.java:43)
	at java.lang.reflect.Method.invoke(Method.java:498)
	at org.springframework.web.method.support.InvocableHandlerMethod.doInvoke(InvocableHandlerMethod.java:205)
	at org.springframework.web.method.support.InvocableHandlerMethod.invokeForRequest(InvocableHandlerMethod.java:150)
	at org.springframework.web.servlet.mvc.method.annotation.ServletInvocableHandlerMethod.invokeAndHandle(ServletInvocableHandlerMethod.java:117)
	at org.springframework.web.servlet.mvc.method.annotation.RequestMappingHandlerAdapter.invokeHandlerMethod(RequestMappingHandlerAdapter.java:895)
	at org.springframework.web.servlet.mvc.method.annotation.RequestMappingHandlerAdapter.handleInternal(RequestMappingHandlerAdapter.java:808)
	at org.springframework.web.servlet.mvc.method.AbstractHandlerMethodAdapter.handle(AbstractHandlerMethodAdapter.java:87)
	at org.springframework.web.servlet.DispatcherServlet.doDispatch(DispatcherServlet.java:1071)
	at org.springframework.web.servlet.DispatcherServlet.doService(DispatcherServlet.java:964)
	at org.springframework.web.servlet.FrameworkServlet.processRequest(FrameworkServlet.java:1006)
	at org.springframework.web.servlet.FrameworkServlet.doGet(FrameworkServlet.java:898)
	at javax.servlet.http.HttpServlet.service(HttpServlet.java:670)
	at org.springframework.web.servlet.FrameworkServlet.service(FrameworkServlet.java:883)
	at javax.servlet.http.HttpServlet.service(HttpServlet.java:779)
	at org.apache.catalina.core.ApplicationFilterChain.internalDoFilter(ApplicationFilterChain.java:227)
	at org.apache.catalina.core.ApplicationFilterChain.doFilter(ApplicationFilterChain.java:162)
	at org.apache.tomcat.websocket.server.WsFilter.doFilter(WsFilter.java:53)
	at org.apache.catalina.core.ApplicationFilterChain.internalDoFilter(ApplicationFilterChain.java:189)
	at org.apache.catalina.core.ApplicationFilterChain.doFilter(ApplicationFilterChain.java:162)
	at org.springframework.web.filter.CharacterEncodingFilter.doFilterInternal(CharacterEncodingFilter.java:201)
	at org.springframework.web.filter.OncePerRequestFilter.doFilter(OncePerRequestFilter.java:117)
	at org.apache.catalina.core.ApplicationFilterChain.internalDoFilter(ApplicationFilterChain.java:189)
	at org.apache.catalina.core.ApplicationFilterChain.doFilter(ApplicationFilterChain.java:162)
	at org.apache.catalina.core.StandardWrapperValve.invoke(StandardWrapperValve.java:197)
	at org.apache.catalina.core.StandardContextValve.invoke(StandardContextValve.java:97)
	at org.apache.catalina.authenticator.AuthenticatorBase.invoke(AuthenticatorBase.java:541)
	at org.apache.catalina.core.StandardHostValve.invoke(StandardHostValve.java:135)
	at org.apache.catalina.valves.ErrorReportValve.invoke(ErrorReportValve.java:92)
	at org.apache.catalina.core.StandardEngineValve.invoke(StandardEngineValve.java:78)
	at org.apache.catalina.connector.CoyoteAdapter.service(CoyoteAdapter.java:360)
	at org.apache.coyote.http11.Http11Processor.service(Http11Processor.java:399)
	at org.apache.coyote.AbstractProcessorLight.process(AbstractProcessorLight.java:65)
	at org.apache.coyote.AbstractProtocol$ConnectionHandler.process(AbstractProtocol.java:893)
	at org.apache.tomcat.util.net.NioEndpoint$SocketProcessor.doRun(NioEndpoint.java:1789)
	at org.apache.tomcat.util.net.SocketProcessorBase.run(SocketProcessorBase.java:49)
	at org.apache.tomcat.util.threads.ThreadPoolExecutor.runWorker(ThreadPoolExecutor.java:1191)
	at org.apache.tomcat.util.threads.ThreadPoolExecutor$Worker.run(ThreadPoolExecutor.java:659)
	at org.apache.tomcat.util.threads.TaskThread$WrappingRunnable.run(TaskThread.java:61)
	at java.lang.Thread.run(Thread.java:748)
20:10:52.537 [http-nio-8081-exec-3] INFO  c.x.dream.resource.OptionController - Getting Dropddown data
20:10:52.612 [http-nio-8081-exec-7] INFO  c.x.d.resource.DreamApiController - Getting CourseName : Active
20:10:52.637 [http-nio-8081-exec-8] INFO  c.x.dream.resource.OptionController - Getting Dropddown data
20:10:52.658 [http-nio-8081-exec-9] INFO  c.x.d.resource.DreamApiController - Getting CourseName : Active
20:10:58.426 [http-nio-8081-exec-10] INFO  c.x.d.resource.DreamApiController - Checking email: suhasnb96@gmail.com
20:10:58.876 [http-nio-8081-exec-10] INFO  c.x.dream.service.DreamServiceImpl - Email does not exist in spreadsheetId: 1p3G4et36vkzSDs3W63cj6qnUFEWljLos2HHXIZd78Gg
20:10:59.927 [http-nio-8081-exec-1] ERROR o.a.c.c.C.[.[.[.[dispatcherServlet] - Servlet.service() for servlet [dispatcherServlet] in context with path [] threw exception [Request processing failed; nested exception is feign.FeignException$FeignClientException: [402 Payment Required] during [GET] to [https://api.emailable.com/v1/verify?email=suhasnb96%40gmail.com&api_key=live_1c9a44377323556a9243] [EmailableClient#verifyEmail(String,String)]: [{"message":"Your account is out of credits. Please visit https://app.emailable.com/checkout/credits to purchase more."}]] with root cause
feign.FeignException$FeignClientException: [402 Payment Required] during [GET] to [https://api.emailable.com/v1/verify?email=suhasnb96%40gmail.com&api_key=live_1c9a44377323556a9243] [EmailableClient#verifyEmail(String,String)]: [{"message":"Your account is out of credits. Please visit https://app.emailable.com/checkout/credits to purchase more."}]
	at feign.FeignException.clientErrorStatus(FeignException.java:235)
	at feign.FeignException.errorStatus(FeignException.java:194)
	at feign.FeignException.errorStatus(FeignException.java:185)
	at feign.codec.ErrorDecoder$Default.decode(ErrorDecoder.java:92)
	at feign.AsyncResponseHandler.handleResponse(AsyncResponseHandler.java:96)
	at feign.SynchronousMethodHandler.executeAndDecode(SynchronousMethodHandler.java:138)
	at feign.SynchronousMethodHandler.invoke(SynchronousMethodHandler.java:89)
	at feign.ReflectiveFeign$FeignInvocationHandler.invoke(ReflectiveFeign.java:100)
	at org.springframework.cloud.openfeign.FeignCachingInvocationHandlerFactory$1.proceed(FeignCachingInvocationHandlerFactory.java:66)
	at org.springframework.cache.interceptor.CacheInterceptor.lambda$invoke$0(CacheInterceptor.java:54)
	at org.springframework.cache.interceptor.CacheAspectSupport.execute(CacheAspectSupport.java:351)
	at org.springframework.cache.interceptor.CacheInterceptor.invoke(CacheInterceptor.java:64)
	at org.springframework.cloud.openfeign.FeignCachingInvocationHandlerFactory.lambda$create$1(FeignCachingInvocationHandlerFactory.java:53)
	at com.sun.proxy.$Proxy99.verifyEmail(Unknown Source)
	at com.xworkz.dream.service.DreamServiceImpl.verifyEmails(DreamServiceImpl.java:1039)
	at com.xworkz.dream.resource.DreamApiController.verifydEmails(DreamApiController.java:215)
	at sun.reflect.NativeMethodAccessorImpl.invoke0(Native Method)
	at sun.reflect.NativeMethodAccessorImpl.invoke(NativeMethodAccessorImpl.java:62)
	at sun.reflect.DelegatingMethodAccessorImpl.invoke(DelegatingMethodAccessorImpl.java:43)
	at java.lang.reflect.Method.invoke(Method.java:498)
	at org.springframework.web.method.support.InvocableHandlerMethod.doInvoke(InvocableHandlerMethod.java:205)
	at org.springframework.web.method.support.InvocableHandlerMethod.invokeForRequest(InvocableHandlerMethod.java:150)
	at org.springframework.web.servlet.mvc.method.annotation.ServletInvocableHandlerMethod.invokeAndHandle(ServletInvocableHandlerMethod.java:117)
	at org.springframework.web.servlet.mvc.method.annotation.RequestMappingHandlerAdapter.invokeHandlerMethod(RequestMappingHandlerAdapter.java:895)
	at org.springframework.web.servlet.mvc.method.annotation.RequestMappingHandlerAdapter.handleInternal(RequestMappingHandlerAdapter.java:808)
	at org.springframework.web.servlet.mvc.method.AbstractHandlerMethodAdapter.handle(AbstractHandlerMethodAdapter.java:87)
	at org.springframework.web.servlet.DispatcherServlet.doDispatch(DispatcherServlet.java:1071)
	at org.springframework.web.servlet.DispatcherServlet.doService(DispatcherServlet.java:964)
	at org.springframework.web.servlet.FrameworkServlet.processRequest(FrameworkServlet.java:1006)
	at org.springframework.web.servlet.FrameworkServlet.doGet(FrameworkServlet.java:898)
	at javax.servlet.http.HttpServlet.service(HttpServlet.java:670)
	at org.springframework.web.servlet.FrameworkServlet.service(FrameworkServlet.java:883)
	at javax.servlet.http.HttpServlet.service(HttpServlet.java:779)
	at org.apache.catalina.core.ApplicationFilterChain.internalDoFilter(ApplicationFilterChain.java:227)
	at org.apache.catalina.core.ApplicationFilterChain.doFilter(ApplicationFilterChain.java:162)
	at org.apache.tomcat.websocket.server.WsFilter.doFilter(WsFilter.java:53)
	at org.apache.catalina.core.ApplicationFilterChain.internalDoFilter(ApplicationFilterChain.java:189)
	at org.apache.catalina.core.ApplicationFilterChain.doFilter(ApplicationFilterChain.java:162)
	at org.springframework.web.filter.CharacterEncodingFilter.doFilterInternal(CharacterEncodingFilter.java:201)
	at org.springframework.web.filter.OncePerRequestFilter.doFilter(OncePerRequestFilter.java:117)
	at org.apache.catalina.core.ApplicationFilterChain.internalDoFilter(ApplicationFilterChain.java:189)
	at org.apache.catalina.core.ApplicationFilterChain.doFilter(ApplicationFilterChain.java:162)
	at org.apache.catalina.core.StandardWrapperValve.invoke(StandardWrapperValve.java:197)
	at org.apache.catalina.core.StandardContextValve.invoke(StandardContextValve.java:97)
	at org.apache.catalina.authenticator.AuthenticatorBase.invoke(AuthenticatorBase.java:541)
	at org.apache.catalina.core.StandardHostValve.invoke(StandardHostValve.java:135)
	at org.apache.catalina.valves.ErrorReportValve.invoke(ErrorReportValve.java:92)
	at org.apache.catalina.core.StandardEngineValve.invoke(StandardEngineValve.java:78)
	at org.apache.catalina.connector.CoyoteAdapter.service(CoyoteAdapter.java:360)
	at org.apache.coyote.http11.Http11Processor.service(Http11Processor.java:399)
	at org.apache.coyote.AbstractProcessorLight.process(AbstractProcessorLight.java:65)
	at org.apache.coyote.AbstractProtocol$ConnectionHandler.process(AbstractProtocol.java:893)
	at org.apache.tomcat.util.net.NioEndpoint$SocketProcessor.doRun(NioEndpoint.java:1789)
	at org.apache.tomcat.util.net.SocketProcessorBase.run(SocketProcessorBase.java:49)
	at org.apache.tomcat.util.threads.ThreadPoolExecutor.runWorker(ThreadPoolExecutor.java:1191)
	at org.apache.tomcat.util.threads.ThreadPoolExecutor$Worker.run(ThreadPoolExecutor.java:659)
	at org.apache.tomcat.util.threads.TaskThread$WrappingRunnable.run(TaskThread.java:61)
	at java.lang.Thread.run(Thread.java:748)
20:11:08.454 [http-nio-8081-exec-2] INFO  c.x.d.resource.DreamApiController - Checking contact number: 8050319217
20:11:08.929 [http-nio-8081-exec-2] INFO  c.x.dream.service.DreamServiceImpl - Contact Number does not exist in spreadsheetId: 1p3G4et36vkzSDs3W63cj6qnUFEWljLos2HHXIZd78Gg
20:11:33.283 [http-nio-8081-exec-4] INFO  c.x.d.resource.DreamApiController - Getting CourseDetails : 
20:11:36.397 [http-nio-8081-exec-3] INFO  c.x.d.resource.DreamApiController - Getting CourseDetails : Oct-10
20:11:46.066 [http-nio-8081-exec-5] INFO  c.x.d.resource.DreamApiController - Registering trainee details: TraineeDto(id=null, basicInfo=BasicInfoDto(traineeName=suhas N B, email=suhasnb96@gmail.com, contactNumber=8050319217, dateOfBirth=1996-10-22), educationInfo=EducationInfoDto(qualification=BE, stream=Civil Engineering, yearOfPassout=2019, collegeName=AGM Rural Engineering College, Varur, Hubli), courseInfo=CourseDto(course=Oct-10, branch=Rajajinagar, trainerName=Suhas, batchType=Morining, batchTiming=08:00, startTime=10-10-2023, offeredAs=General), othersDto=OthersDto(referalName=null, referalContactNumber=null, comments=null, xworkzEmail=null, working=null, PreferredLocation=null, PreferredClassType=null, sendWhatsAppLink=null, registrationDate=null), adminDto=AdminDto(createdBy=amulya@x-workz.in, createdOn=null, updatedBy=null, updatedOn=null))
20:11:48.541 [http-nio-8081-exec-5] INFO  c.x.dream.service.DreamServiceImpl - Data written successfully to spreadsheetId and Added to Follow Up: 1p3G4et36vkzSDs3W63cj6qnUFEWljLos2HHXIZd78Gg
20:14:29.729 [File Watcher] INFO  o.s.b.d.a.LocalDevToolsAutoConfiguration$RestartingClassPathChangeChangedEventListener - Restarting due to 1 class path change (0 additions, 0 deletions, 1 modification)
20:14:30.144 [Thread-6] INFO  o.a.catalina.core.StandardService - Stopping service [Tomcat]
20:14:30.148 [Thread-6] INFO  o.a.c.c.C.[Tomcat].[localhost].[/] - Destroying Spring FrameworkServlet 'dispatcherServlet'
20:14:32.359 [restartedMain] INFO  c.xworkz.dream.XworkzApiApplication - Starting XworkzApiApplication using Java 1.8.0_261 on DESKTOP-E3TF7AL with PID 20420 (C:\Users\Dell\Desktop\DREAM\Xworkz-Api\bin\main started by Dell in C:\Users\Dell\Desktop\DREAM\Xworkz-Api)
20:14:32.371 [restartedMain] INFO  c.xworkz.dream.XworkzApiApplication - The following 1 profile is active: "local"
20:14:39.264 [restartedMain] INFO  o.s.cloud.context.scope.GenericScope - BeanFactory id=23aabf2e-d200-3b67-ab4a-1602ec35ccb7
20:14:40.245 [restartedMain] INFO  o.s.b.w.e.tomcat.TomcatWebServer - Tomcat initialized with port(s): 8081 (http)
20:14:40.248 [restartedMain] INFO  o.a.c.core.AprLifecycleListener - An older version [1.2.25] of the Apache Tomcat Native library is installed, while Tomcat recommends a minimum version of [1.2.30]
20:14:40.250 [restartedMain] INFO  o.a.c.core.AprLifecycleListener - Loaded Apache Tomcat Native library [1.2.25] using APR version [1.7.0].
20:14:40.253 [restartedMain] INFO  o.a.c.core.AprLifecycleListener - APR capabilities: IPv6 [true], sendfile [true], accept filters [false], random [true], UDS [false].
20:14:40.257 [restartedMain] INFO  o.a.c.core.AprLifecycleListener - APR/OpenSSL configuration: useAprConnector [false], useOpenSSL [true]
20:14:40.265 [restartedMain] INFO  o.a.c.core.AprLifecycleListener - OpenSSL successfully initialized [OpenSSL 1.1.1g  21 Apr 2020]
20:14:40.274 [restartedMain] INFO  o.a.catalina.core.StandardService - Starting service [Tomcat]
20:14:40.277 [restartedMain] INFO  o.a.catalina.core.StandardEngine - Starting Servlet engine: [Apache Tomcat/9.0.68]
20:14:40.347 [restartedMain] INFO  o.a.c.c.C.[Tomcat].[localhost].[/] - Initializing Spring embedded WebApplicationContext
20:14:40.348 [restartedMain] INFO  o.s.b.w.s.c.ServletWebServerApplicationContext - Root WebApplicationContext: initialization completed in 7893 ms
20:14:40.374 [restartedMain] INFO  c.xworkz.dream.util.EncryptionHelper - {} is Created...........
20:14:40.861 [restartedMain] INFO  o.s.b.d.a.OptionalLiveReloadServer - LiveReload server is running on port 35729
20:14:44.223 [restartedMain] INFO  o.s.b.w.e.tomcat.TomcatWebServer - Tomcat started on port(s): 8081 (http) with context path ''
20:14:49.375 [restartedMain] INFO  c.xworkz.dream.XworkzApiApplication - Started XworkzApiApplication in 18.54 seconds (JVM running for 277.022)
20:14:49.380 [restartedMain] INFO  o.s.b.d.a.ConditionEvaluationDeltaLoggingListener - Condition evaluation unchanged
