16:38:21.913 [restartedMain] INFO  c.xworkz.dream.XworkzApiApplication - Starting XworkzApiApplication using Java 15.0.2 on DESKTOP-FT7DFR5 with PID 15292 (C:\Project\Project\Xworkz-Api\bin\main started by Dell in C:\Project\Project\Xworkz-Api)
16:38:21.918 [restartedMain] INFO  c.xworkz.dream.XworkzApiApplication - The following 1 profile is active: "dev"
16:38:22.365 [restartedMain] INFO  o.s.b.d.e.DevToolsPropertyDefaultsPostProcessor - Devtools property defaults active! Set 'spring.devtools.add-properties' to 'false' to disable
16:38:22.366 [restartedMain] INFO  o.s.b.d.e.DevToolsPropertyDefaultsPostProcessor - For additional web related logging consider setting the 'logging.level.web' property to 'DEBUG'
16:38:29.166 [restartedMain] INFO  o.s.cloud.context.scope.GenericScope - BeanFactory id=e896d73f-a328-3a65-b69d-5d05173964e8
16:38:33.122 [restartedMain] INFO  o.s.b.w.e.tomcat.TomcatWebServer - Tomcat initialized with port(s): 8081 (http)
16:38:33.202 [restartedMain] INFO  o.a.catalina.core.StandardService - Starting service [Tomcat]
16:38:33.207 [restartedMain] INFO  o.a.catalina.core.StandardEngine - Starting Servlet engine: [Apache Tomcat/9.0.68]
16:38:33.906 [restartedMain] INFO  o.a.c.c.C.[Tomcat].[localhost].[/] - Initializing Spring embedded WebApplicationContext
16:38:33.907 [restartedMain] INFO  o.s.b.w.s.c.ServletWebServerApplicationContext - Root WebApplicationContext: initialization completed in 11537 ms
16:38:34.164 [restartedMain] INFO  c.xworkz.dream.util.EncryptionHelper - {} is Created...........
16:38:34.305 [restartedMain] WARN  o.s.b.w.s.c.AnnotationConfigServletWebServerApplicationContext - Exception encountered during context initialization - cancelling refresh attempt: org.springframework.beans.factory.BeanCreationException: Error creating bean with name 'attendanceRepositoryImpl': Invocation of init method failed; nested exception is java.io.FileNotFoundException: class path resource [META-INF/credentials-dev.json] cannot be resolved to URL because it does not exist
16:38:34.321 [restartedMain] INFO  o.a.catalina.core.StandardService - Stopping service [Tomcat]
16:38:34.656 [restartedMain] INFO  o.s.b.a.l.ConditionEvaluationReportLoggingListener - 

Error starting ApplicationContext. To display the conditions report re-run your application with 'debug' enabled.
16:38:34.778 [restartedMain] ERROR o.s.boot.SpringApplication - Application run failed
org.springframework.beans.factory.BeanCreationException: Error creating bean with name 'attendanceRepositoryImpl': Invocation of init method failed; nested exception is java.io.FileNotFoundException: class path resource [META-INF/credentials-dev.json] cannot be resolved to URL because it does not exist
	at org.springframework.beans.factory.annotation.InitDestroyAnnotationBeanPostProcessor.postProcessBeforeInitialization(InitDestroyAnnotationBeanPostProcessor.java:160)
	at org.springframework.beans.factory.support.AbstractAutowireCapableBeanFactory.applyBeanPostProcessorsBeforeInitialization(AbstractAutowireCapableBeanFactory.java:440)
	at org.springframework.beans.factory.support.AbstractAutowireCapableBeanFactory.initializeBean(AbstractAutowireCapableBeanFactory.java:1796)
	at org.springframework.beans.factory.support.AbstractAutowireCapableBeanFactory.doCreateBean(AbstractAutowireCapableBeanFactory.java:620)
	at org.springframework.beans.factory.support.AbstractAutowireCapableBeanFactory.createBean(AbstractAutowireCapableBeanFactory.java:542)
	at org.springframework.beans.factory.support.AbstractBeanFactory.lambda$doGetBean$0(AbstractBeanFactory.java:335)
	at org.springframework.beans.factory.support.DefaultSingletonBeanRegistry.getSingleton(DefaultSingletonBeanRegistry.java:234)
	at org.springframework.beans.factory.support.AbstractBeanFactory.doGetBean(AbstractBeanFactory.java:333)
	at org.springframework.beans.factory.support.AbstractBeanFactory.getBean(AbstractBeanFactory.java:208)
	at org.springframework.beans.factory.support.DefaultListableBeanFactory.preInstantiateSingletons(DefaultListableBeanFactory.java:955)
	at org.springframework.context.support.AbstractApplicationContext.finishBeanFactoryInitialization(AbstractApplicationContext.java:918)
	at org.springframework.context.support.AbstractApplicationContext.refresh(AbstractApplicationContext.java:583)
	at org.springframework.boot.web.servlet.context.ServletWebServerApplicationContext.refresh(ServletWebServerApplicationContext.java:147)
	at org.springframework.boot.SpringApplication.refresh(SpringApplication.java:734)
	at org.springframework.boot.SpringApplication.refreshContext(SpringApplication.java:408)
	at org.springframework.boot.SpringApplication.run(SpringApplication.java:308)
	at org.springframework.boot.SpringApplication.run(SpringApplication.java:1306)
	at org.springframework.boot.SpringApplication.run(SpringApplication.java:1295)
	at com.xworkz.dream.XworkzApiApplication.main(XworkzApiApplication.java:20)
	at java.base/jdk.internal.reflect.NativeMethodAccessorImpl.invoke0(Native Method)
	at java.base/jdk.internal.reflect.NativeMethodAccessorImpl.invoke(NativeMethodAccessorImpl.java:64)
	at java.base/jdk.internal.reflect.DelegatingMethodAccessorImpl.invoke(DelegatingMethodAccessorImpl.java:43)
	at java.base/java.lang.reflect.Method.invoke(Method.java:564)
	at org.springframework.boot.devtools.restart.RestartLauncher.run(RestartLauncher.java:49)
Caused by: java.io.FileNotFoundException: class path resource [META-INF/credentials-dev.json] cannot be resolved to URL because it does not exist
	at org.springframework.core.io.ClassPathResource.getURL(ClassPathResource.java:214)
	at org.springframework.core.io.AbstractFileResolvingResource.getFile(AbstractFileResolvingResource.java:160)
	at com.xworkz.dream.repository.AttendanceRepositoryImpl.setSheetsService(AttendanceRepositoryImpl.java:57)
	at java.base/jdk.internal.reflect.NativeMethodAccessorImpl.invoke0(Native Method)
	at java.base/jdk.internal.reflect.NativeMethodAccessorImpl.invoke(NativeMethodAccessorImpl.java:64)
	at java.base/jdk.internal.reflect.DelegatingMethodAccessorImpl.invoke(DelegatingMethodAccessorImpl.java:43)
	at java.base/java.lang.reflect.Method.invoke(Method.java:564)
	at org.springframework.beans.factory.annotation.InitDestroyAnnotationBeanPostProcessor$LifecycleElement.invoke(InitDestroyAnnotationBeanPostProcessor.java:389)
	at org.springframework.beans.factory.annotation.InitDestroyAnnotationBeanPostProcessor$LifecycleMetadata.invokeInitMethods(InitDestroyAnnotationBeanPostProcessor.java:333)
	at org.springframework.beans.factory.annotation.InitDestroyAnnotationBeanPostProcessor.postProcessBeforeInitialization(InitDestroyAnnotationBeanPostProcessor.java:157)
	... 23 common frames omitted
16:39:45.017 [restartedMain] INFO  c.xworkz.dream.XworkzApiApplication - Starting XworkzApiApplication using Java 15.0.2 on DESKTOP-FT7DFR5 with PID 10220 (C:\Project\Project\Xworkz-Api\bin\main started by Dell in C:\Project\Project\Xworkz-Api)
16:39:45.023 [restartedMain] INFO  c.xworkz.dream.XworkzApiApplication - The following 1 profile is active: "dev"
16:39:45.240 [restartedMain] INFO  o.s.b.d.e.DevToolsPropertyDefaultsPostProcessor - Devtools property defaults active! Set 'spring.devtools.add-properties' to 'false' to disable
16:39:45.241 [restartedMain] INFO  o.s.b.d.e.DevToolsPropertyDefaultsPostProcessor - For additional web related logging consider setting the 'logging.level.web' property to 'DEBUG'
16:39:48.438 [restartedMain] INFO  o.s.cloud.context.scope.GenericScope - BeanFactory id=e896d73f-a328-3a65-b69d-5d05173964e8
16:39:50.554 [restartedMain] INFO  o.s.b.w.e.tomcat.TomcatWebServer - Tomcat initialized with port(s): 8081 (http)
16:39:50.582 [restartedMain] INFO  o.a.catalina.core.StandardService - Starting service [Tomcat]
16:39:50.583 [restartedMain] INFO  o.a.catalina.core.StandardEngine - Starting Servlet engine: [Apache Tomcat/9.0.68]
16:39:50.894 [restartedMain] INFO  o.a.c.c.C.[Tomcat].[localhost].[/] - Initializing Spring embedded WebApplicationContext
16:39:50.895 [restartedMain] INFO  o.s.b.w.s.c.ServletWebServerApplicationContext - Root WebApplicationContext: initialization completed in 5649 ms
16:39:51.039 [restartedMain] INFO  c.xworkz.dream.util.EncryptionHelper - {} is Created...........
16:39:52.085 [restartedMain] INFO  o.s.b.d.a.OptionalLiveReloadServer - LiveReload server is running on port 35729
16:39:54.736 [restartedMain] INFO  o.s.b.w.e.tomcat.TomcatWebServer - Tomcat started on port(s): 8081 (http) with context path ''
16:39:56.634 [restartedMain] INFO  c.xworkz.dream.XworkzApiApplication - Started XworkzApiApplication in 13.289 seconds (JVM running for 15.188)
22:45:03.912 [restartedMain] INFO  c.xworkz.dream.XworkzApiApplication - Starting XworkzApiApplication using Java 15.0.2 on DESKTOP-FT7DFR5 with PID 14116 (C:\Project\Project\Xworkz-Api\bin\main started by Dell in C:\Project\Project\Xworkz-Api)
22:45:03.916 [restartedMain] INFO  c.xworkz.dream.XworkzApiApplication - The following 1 profile is active: "dev"
22:45:04.303 [restartedMain] INFO  o.s.b.d.e.DevToolsPropertyDefaultsPostProcessor - Devtools property defaults active! Set 'spring.devtools.add-properties' to 'false' to disable
22:45:04.304 [restartedMain] INFO  o.s.b.d.e.DevToolsPropertyDefaultsPostProcessor - For additional web related logging consider setting the 'logging.level.web' property to 'DEBUG'
22:45:09.237 [restartedMain] INFO  o.s.cloud.context.scope.GenericScope - BeanFactory id=e896d73f-a328-3a65-b69d-5d05173964e8
22:45:11.233 [restartedMain] INFO  o.s.b.w.e.tomcat.TomcatWebServer - Tomcat initialized with port(s): 8081 (http)
22:45:11.273 [restartedMain] INFO  o.a.catalina.core.StandardService - Starting service [Tomcat]
22:45:11.274 [restartedMain] INFO  o.a.catalina.core.StandardEngine - Starting Servlet engine: [Apache Tomcat/9.0.68]
22:45:11.775 [restartedMain] INFO  o.a.c.c.C.[Tomcat].[localhost].[/] - Initializing Spring embedded WebApplicationContext
22:45:11.776 [restartedMain] INFO  o.s.b.w.s.c.ServletWebServerApplicationContext - Root WebApplicationContext: initialization completed in 7468 ms
22:45:11.969 [restartedMain] INFO  c.xworkz.dream.util.EncryptionHelper - {} is Created...........
22:45:12.959 [restartedMain] INFO  o.s.b.d.a.OptionalLiveReloadServer - LiveReload server is running on port 35729
22:45:15.480 [restartedMain] INFO  o.s.b.w.e.tomcat.TomcatWebServer - Tomcat started on port(s): 8081 (http) with context path ''
22:45:20.625 [restartedMain] INFO  c.xworkz.dream.XworkzApiApplication - Started XworkzApiApplication in 18.891 seconds (JVM running for 22.08)
