10:05:57.129 [scheduling-1] ERROR o.s.s.s.TaskUtils$LoggingErrorHandler - Unexpected error occurred in scheduled task
java.time.format.DateTimeParseException: Text '4-10-2023' could not be parsed at index 0
	at java.time.format.DateTimeFormatter.parseResolved0(DateTimeFormatter.java:1949) ~[na:1.8.0_261]
	at java.time.format.DateTimeFormatter.parse(DateTimeFormatter.java:1851) ~[na:1.8.0_261]
	at java.time.LocalDate.parse(LocalDate.java:400) ~[na:1.8.0_261]
	at com.xworkz.dream.service.BirthadayServiceImpl.lambda$2(BirthadayServiceImpl.java:53) ~[main/:na]
	at java.util.stream.ReferencePipeline$2$1.accept(ReferencePipeline.java:174) ~[na:1.8.0_261]
	at java.util.ArrayList$ArrayListSpliterator.forEachRemaining(ArrayList.java:1384) ~[na:1.8.0_261]
	at java.util.stream.AbstractPipeline.copyInto(AbstractPipeline.java:482) ~[na:1.8.0_261]
	at java.util.stream.AbstractPipeline.wrapAndCopyInto(AbstractPipeline.java:472) ~[na:1.8.0_261]
	at java.util.stream.ReduceOps$ReduceOp.evaluateSequential(ReduceOps.java:708) ~[na:1.8.0_261]
	at java.util.stream.AbstractPipeline.evaluate(AbstractPipeline.java:234) ~[na:1.8.0_261]
	at java.util.stream.ReferencePipeline.collect(ReferencePipeline.java:499) ~[na:1.8.0_261]
	at com.xworkz.dream.service.BirthadayServiceImpl.sendBirthdayEmails(BirthadayServiceImpl.java:57) ~[main/:na]
	at com.xworkz.dream.service.BirthadayServiceImpl.sendBirthdayEmailsScheduled(BirthadayServiceImpl.java:67) ~[main/:na]
	at sun.reflect.NativeMethodAccessorImpl.invoke0(Native Method) ~[na:1.8.0_261]
	at sun.reflect.NativeMethodAccessorImpl.invoke(NativeMethodAccessorImpl.java:62) ~[na:1.8.0_261]
	at sun.reflect.DelegatingMethodAccessorImpl.invoke(DelegatingMethodAccessorImpl.java:43) ~[na:1.8.0_261]
	at java.lang.reflect.Method.invoke(Method.java:498) ~[na:1.8.0_261]
	at org.springframework.scheduling.support.ScheduledMethodRunnable.run(ScheduledMethodRunnable.java:84) ~[spring-context-5.3.23.jar:5.3.23]
	at org.springframework.scheduling.support.DelegatingErrorHandlingRunnable.run(DelegatingErrorHandlingRunnable.java:54) ~[spring-context-5.3.23.jar:5.3.23]
	at org.springframework.scheduling.concurrent.ReschedulingRunnable.run(ReschedulingRunnable.java:95) [spring-context-5.3.23.jar:5.3.23]
	at java.util.concurrent.Executors$RunnableAdapter.call(Executors.java:511) [na:1.8.0_261]
	at java.util.concurrent.FutureTask.run(FutureTask.java:266) [na:1.8.0_261]
	at java.util.concurrent.ScheduledThreadPoolExecutor$ScheduledFutureTask.access$201(ScheduledThreadPoolExecutor.java:180) [na:1.8.0_261]
	at java.util.concurrent.ScheduledThreadPoolExecutor$ScheduledFutureTask.run(ScheduledThreadPoolExecutor.java:293) [na:1.8.0_261]
	at java.util.concurrent.ThreadPoolExecutor.runWorker(ThreadPoolExecutor.java:1149) [na:1.8.0_261]
	at java.util.concurrent.ThreadPoolExecutor$Worker.run(ThreadPoolExecutor.java:624) [na:1.8.0_261]
	at java.lang.Thread.run(Thread.java:748) [na:1.8.0_261]
10:09:39.942 [File Watcher] INFO  o.s.b.d.a.LocalDevToolsAutoConfiguration$RestartingClassPathChangeChangedEventListener - Restarting due to 1 class path change (0 additions, 0 deletions, 1 modification)
10:09:40.808 [Thread-10] INFO  o.a.catalina.core.StandardService - Stopping service [Tomcat]
10:09:40.861 [Thread-10] INFO  o.a.c.c.C.[Tomcat].[localhost].[/] - Destroying Spring FrameworkServlet 'dispatcherServlet'
10:09:44.179 [restartedMain] INFO  c.xworkz.dream.XworkzApiApplication - Starting XworkzApiApplication using Java 1.8.0_261 on DESKTOP-E3TF7AL with PID 10732 (C:\Users\Dell\Desktop\DREAM\Xworkz-Api\bin\main started by Dell in C:\Users\Dell\Desktop\DREAM\Xworkz-Api)
10:09:44.189 [restartedMain] INFO  c.xworkz.dream.XworkzApiApplication - The following 1 profile is active: "dev"
10:09:46.986 [restartedMain] INFO  o.s.cloud.context.scope.GenericScope - BeanFactory id=f1145320-cc47-3889-acc3-452d6696842a
10:09:48.004 [restartedMain] INFO  o.s.b.w.e.tomcat.TomcatWebServer - Tomcat initialized with port(s): 8081 (http)
10:09:48.006 [restartedMain] INFO  o.a.c.core.AprLifecycleListener - An older version [1.2.25] of the Apache Tomcat Native library is installed, while Tomcat recommends a minimum version of [1.2.30]
10:09:48.006 [restartedMain] INFO  o.a.c.core.AprLifecycleListener - Loaded Apache Tomcat Native library [1.2.25] using APR version [1.7.0].
10:09:48.007 [restartedMain] INFO  o.a.c.core.AprLifecycleListener - APR capabilities: IPv6 [true], sendfile [true], accept filters [false], random [true], UDS [false].
10:09:48.007 [restartedMain] INFO  o.a.c.core.AprLifecycleListener - APR/OpenSSL configuration: useAprConnector [false], useOpenSSL [true]
10:09:48.018 [restartedMain] INFO  o.a.c.core.AprLifecycleListener - OpenSSL successfully initialized [OpenSSL 1.1.1g  21 Apr 2020]
10:09:48.020 [restartedMain] INFO  o.a.catalina.core.StandardService - Starting service [Tomcat]
10:09:48.020 [restartedMain] INFO  o.a.catalina.core.StandardEngine - Starting Servlet engine: [Apache Tomcat/9.0.68]
10:09:48.096 [restartedMain] INFO  o.a.c.c.C.[Tomcat].[localhost].[/] - Initializing Spring embedded WebApplicationContext
10:09:48.096 [restartedMain] INFO  o.s.b.w.s.c.ServletWebServerApplicationContext - Root WebApplicationContext: initialization completed in 3881 ms
10:09:48.123 [restartedMain] INFO  c.xworkz.dream.util.EncryptionHelper - {} is Created...........
10:09:48.977 [restartedMain] INFO  o.s.b.d.a.OptionalLiveReloadServer - LiveReload server is running on port 35729
10:09:51.860 [restartedMain] INFO  o.s.b.w.e.tomcat.TomcatWebServer - Tomcat started on port(s): 8081 (http) with context path ''
10:09:54.187 [restartedMain] INFO  c.xworkz.dream.XworkzApiApplication - Started XworkzApiApplication in 10.837 seconds (JVM running for 68793.373)
10:09:54.194 [restartedMain] INFO  o.s.b.d.a.ConditionEvaluationDeltaLoggingListener - Condition evaluation unchanged
10:10:36.659 [http-nio-8081-exec-3] INFO  o.a.c.c.C.[Tomcat].[localhost].[/] - Initializing Spring DispatcherServlet 'dispatcherServlet'
10:10:36.684 [http-nio-8081-exec-3] INFO  o.s.web.servlet.DispatcherServlet - Initializing Servlet 'dispatcherServlet'
10:10:36.690 [http-nio-8081-exec-3] INFO  o.s.web.servlet.DispatcherServlet - Completed initialization in 5 ms
10:10:37.260 [http-nio-8081-exec-3] ERROR o.a.c.c.C.[.[.[.[dispatcherServlet] - Servlet.service() for servlet [dispatcherServlet] in context with path [] threw exception [Request processing failed; nested exception is feign.FeignException$FeignClientException: [402 Payment Required] during [GET] to [https://api.emailable.com/v1/verify?email=suhasnb96%40gmail.com&api_key=live_1c9a44377323556a9243] [EmailableClient#verifyEmail(String,String)]: [{"message":"Your account is out of credits. Please visit https://app.emailable.com/checkout/credits to purchase more."}]] with root cause
feign.FeignException$FeignClientException: [402 Payment Required] during [GET] to [https://api.emailable.com/v1/verify?email=suhasnb96%40gmail.com&api_key=live_1c9a44377323556a9243] [EmailableClient#verifyEmail(String,String)]: [{"message":"Your account is out of credits. Please visit https://app.emailable.com/checkout/credits to purchase more."}]
	at feign.FeignException.clientErrorStatus(FeignException.java:235) ~[feign-core-11.8.jar:na]
	at feign.FeignException.errorStatus(FeignException.java:194) ~[feign-core-11.8.jar:na]
	at feign.FeignException.errorStatus(FeignException.java:185) ~[feign-core-11.8.jar:na]
	at feign.codec.ErrorDecoder$Default.decode(ErrorDecoder.java:92) ~[feign-core-11.8.jar:na]
	at feign.AsyncResponseHandler.handleResponse(AsyncResponseHandler.java:96) ~[feign-core-11.8.jar:na]
	at feign.SynchronousMethodHandler.executeAndDecode(SynchronousMethodHandler.java:138) ~[feign-core-11.8.jar:na]
	at feign.SynchronousMethodHandler.invoke(SynchronousMethodHandler.java:89) ~[feign-core-11.8.jar:na]
	at feign.ReflectiveFeign$FeignInvocationHandler.invoke(ReflectiveFeign.java:100) ~[feign-core-11.8.jar:na]
	at org.springframework.cloud.openfeign.FeignCachingInvocationHandlerFactory$1.proceed(FeignCachingInvocationHandlerFactory.java:66) ~[spring-cloud-openfeign-core-3.1.3.jar:3.1.3]
	at org.springframework.cache.interceptor.CacheInterceptor.lambda$invoke$0(CacheInterceptor.java:54) ~[spring-context-5.3.23.jar:5.3.23]
	at org.springframework.cache.interceptor.CacheAspectSupport.execute(CacheAspectSupport.java:351) ~[spring-context-5.3.23.jar:5.3.23]
	at org.springframework.cache.interceptor.CacheInterceptor.invoke(CacheInterceptor.java:64) ~[spring-context-5.3.23.jar:5.3.23]
	at org.springframework.cloud.openfeign.FeignCachingInvocationHandlerFactory.lambda$create$1(FeignCachingInvocationHandlerFactory.java:53) ~[spring-cloud-openfeign-core-3.1.3.jar:3.1.3]
	at com.sun.proxy.$Proxy122.verifyEmail(Unknown Source) ~[na:na]
	at com.xworkz.dream.service.DreamServiceImpl.verifyEmails(DreamServiceImpl.java:1039) ~[main/:na]
	at com.xworkz.dream.resource.DreamApiController.verifydEmails(DreamApiController.java:215) ~[main/:na]
	at sun.reflect.NativeMethodAccessorImpl.invoke0(Native Method) ~[na:1.8.0_261]
	at sun.reflect.NativeMethodAccessorImpl.invoke(NativeMethodAccessorImpl.java:62) ~[na:1.8.0_261]
	at sun.reflect.DelegatingMethodAccessorImpl.invoke(DelegatingMethodAccessorImpl.java:43) ~[na:1.8.0_261]
	at java.lang.reflect.Method.invoke(Method.java:498) ~[na:1.8.0_261]
	at org.springframework.web.method.support.InvocableHandlerMethod.doInvoke(InvocableHandlerMethod.java:205) ~[spring-web-5.3.23.jar:5.3.23]
	at org.springframework.web.method.support.InvocableHandlerMethod.invokeForRequest(InvocableHandlerMethod.java:150) ~[spring-web-5.3.23.jar:5.3.23]
	at org.springframework.web.servlet.mvc.method.annotation.ServletInvocableHandlerMethod.invokeAndHandle(ServletInvocableHandlerMethod.java:117) ~[spring-webmvc-5.3.23.jar:5.3.23]
	at org.springframework.web.servlet.mvc.method.annotation.RequestMappingHandlerAdapter.invokeHandlerMethod(RequestMappingHandlerAdapter.java:895) ~[spring-webmvc-5.3.23.jar:5.3.23]
	at org.springframework.web.servlet.mvc.method.annotation.RequestMappingHandlerAdapter.handleInternal(RequestMappingHandlerAdapter.java:808) ~[spring-webmvc-5.3.23.jar:5.3.23]
	at org.springframework.web.servlet.mvc.method.AbstractHandlerMethodAdapter.handle(AbstractHandlerMethodAdapter.java:87) ~[spring-webmvc-5.3.23.jar:5.3.23]
	at org.springframework.web.servlet.DispatcherServlet.doDispatch(DispatcherServlet.java:1071) ~[spring-webmvc-5.3.23.jar:5.3.23]
	at org.springframework.web.servlet.DispatcherServlet.doService(DispatcherServlet.java:964) ~[spring-webmvc-5.3.23.jar:5.3.23]
	at org.springframework.web.servlet.FrameworkServlet.processRequest(FrameworkServlet.java:1006) ~[spring-webmvc-5.3.23.jar:5.3.23]
	at org.springframework.web.servlet.FrameworkServlet.doGet(FrameworkServlet.java:898) ~[spring-webmvc-5.3.23.jar:5.3.23]
	at javax.servlet.http.HttpServlet.service(HttpServlet.java:670) ~[tomcat-embed-core-9.0.68.jar:4.0.FR]
	at org.springframework.web.servlet.FrameworkServlet.service(FrameworkServlet.java:883) ~[spring-webmvc-5.3.23.jar:5.3.23]
	at javax.servlet.http.HttpServlet.service(HttpServlet.java:779) ~[tomcat-embed-core-9.0.68.jar:4.0.FR]
	at org.apache.catalina.core.ApplicationFilterChain.internalDoFilter(ApplicationFilterChain.java:227) ~[tomcat-embed-core-9.0.68.jar:9.0.68]
	at org.apache.catalina.core.ApplicationFilterChain.doFilter(ApplicationFilterChain.java:162) ~[tomcat-embed-core-9.0.68.jar:9.0.68]
	at org.apache.tomcat.websocket.server.WsFilter.doFilter(WsFilter.java:53) ~[tomcat-embed-websocket-9.0.68.jar:9.0.68]
	at org.apache.catalina.core.ApplicationFilterChain.internalDoFilter(ApplicationFilterChain.java:189) ~[tomcat-embed-core-9.0.68.jar:9.0.68]
	at org.apache.catalina.core.ApplicationFilterChain.doFilter(ApplicationFilterChain.java:162) ~[tomcat-embed-core-9.0.68.jar:9.0.68]
	at org.springframework.web.filter.CharacterEncodingFilter.doFilterInternal(CharacterEncodingFilter.java:201) ~[spring-web-5.3.23.jar:5.3.23]
	at org.springframework.web.filter.OncePerRequestFilter.doFilter(OncePerRequestFilter.java:117) ~[spring-web-5.3.23.jar:5.3.23]
	at org.apache.catalina.core.ApplicationFilterChain.internalDoFilter(ApplicationFilterChain.java:189) ~[tomcat-embed-core-9.0.68.jar:9.0.68]
	at org.apache.catalina.core.ApplicationFilterChain.doFilter(ApplicationFilterChain.java:162) ~[tomcat-embed-core-9.0.68.jar:9.0.68]
	at org.apache.catalina.core.StandardWrapperValve.invoke(StandardWrapperValve.java:197) ~[tomcat-embed-core-9.0.68.jar:9.0.68]
	at org.apache.catalina.core.StandardContextValve.invoke(StandardContextValve.java:97) [tomcat-embed-core-9.0.68.jar:9.0.68]
	at org.apache.catalina.authenticator.AuthenticatorBase.invoke(AuthenticatorBase.java:541) [tomcat-embed-core-9.0.68.jar:9.0.68]
	at org.apache.catalina.core.StandardHostValve.invoke(StandardHostValve.java:135) [tomcat-embed-core-9.0.68.jar:9.0.68]
	at org.apache.catalina.valves.ErrorReportValve.invoke(ErrorReportValve.java:92) [tomcat-embed-core-9.0.68.jar:9.0.68]
	at org.apache.catalina.core.StandardEngineValve.invoke(StandardEngineValve.java:78) [tomcat-embed-core-9.0.68.jar:9.0.68]
	at org.apache.catalina.connector.CoyoteAdapter.service(CoyoteAdapter.java:360) [tomcat-embed-core-9.0.68.jar:9.0.68]
	at org.apache.coyote.http11.Http11Processor.service(Http11Processor.java:399) [tomcat-embed-core-9.0.68.jar:9.0.68]
	at org.apache.coyote.AbstractProcessorLight.process(AbstractProcessorLight.java:65) [tomcat-embed-core-9.0.68.jar:9.0.68]
	at org.apache.coyote.AbstractProtocol$ConnectionHandler.process(AbstractProtocol.java:893) [tomcat-embed-core-9.0.68.jar:9.0.68]
	at org.apache.tomcat.util.net.NioEndpoint$SocketProcessor.doRun(NioEndpoint.java:1789) [tomcat-embed-core-9.0.68.jar:9.0.68]
	at org.apache.tomcat.util.net.SocketProcessorBase.run(SocketProcessorBase.java:49) [tomcat-embed-core-9.0.68.jar:9.0.68]
	at org.apache.tomcat.util.threads.ThreadPoolExecutor.runWorker(ThreadPoolExecutor.java:1191) [tomcat-embed-core-9.0.68.jar:9.0.68]
	at org.apache.tomcat.util.threads.ThreadPoolExecutor$Worker.run(ThreadPoolExecutor.java:659) [tomcat-embed-core-9.0.68.jar:9.0.68]
	at org.apache.tomcat.util.threads.TaskThread$WrappingRunnable.run(TaskThread.java:61) [tomcat-embed-core-9.0.68.jar:9.0.68]
	at java.lang.Thread.run(Thread.java:748) [na:1.8.0_261]
10:11:12.998 [File Watcher] INFO  o.s.b.d.a.LocalDevToolsAutoConfiguration$RestartingClassPathChangeChangedEventListener - Restarting due to 1 class path change (0 additions, 0 deletions, 1 modification)
10:11:13.309 [Thread-16] INFO  o.a.catalina.core.StandardService - Stopping service [Tomcat]
10:11:13.311 [Thread-16] INFO  o.a.c.c.C.[Tomcat].[localhost].[/] - Destroying Spring FrameworkServlet 'dispatcherServlet'
10:11:14.658 [restartedMain] INFO  c.xworkz.dream.XworkzApiApplication - Starting XworkzApiApplication using Java 1.8.0_261 on DESKTOP-E3TF7AL with PID 10732 (C:\Users\Dell\Desktop\DREAM\Xworkz-Api\bin\main started by Dell in C:\Users\Dell\Desktop\DREAM\Xworkz-Api)
10:11:14.659 [restartedMain] INFO  c.xworkz.dream.XworkzApiApplication - The following 1 profile is active: "local"
10:11:16.963 [restartedMain] INFO  o.s.cloud.context.scope.GenericScope - BeanFactory id=23aabf2e-d200-3b67-ab4a-1602ec35ccb7
10:11:17.660 [restartedMain] INFO  o.s.b.w.e.tomcat.TomcatWebServer - Tomcat initialized with port(s): 8081 (http)
10:11:17.661 [restartedMain] INFO  o.a.c.core.AprLifecycleListener - An older version [1.2.25] of the Apache Tomcat Native library is installed, while Tomcat recommends a minimum version of [1.2.30]
10:11:17.663 [restartedMain] INFO  o.a.c.core.AprLifecycleListener - Loaded Apache Tomcat Native library [1.2.25] using APR version [1.7.0].
10:11:17.664 [restartedMain] INFO  o.a.c.core.AprLifecycleListener - APR capabilities: IPv6 [true], sendfile [true], accept filters [false], random [true], UDS [false].
10:11:17.664 [restartedMain] INFO  o.a.c.core.AprLifecycleListener - APR/OpenSSL configuration: useAprConnector [false], useOpenSSL [true]
10:11:17.667 [restartedMain] INFO  o.a.c.core.AprLifecycleListener - OpenSSL successfully initialized [OpenSSL 1.1.1g  21 Apr 2020]
10:11:17.668 [restartedMain] INFO  o.a.catalina.core.StandardService - Starting service [Tomcat]
10:11:17.669 [restartedMain] INFO  o.a.catalina.core.StandardEngine - Starting Servlet engine: [Apache Tomcat/9.0.68]
10:11:17.729 [restartedMain] INFO  o.a.c.c.C.[Tomcat].[localhost].[/] - Initializing Spring embedded WebApplicationContext
10:11:17.730 [restartedMain] INFO  o.s.b.w.s.c.ServletWebServerApplicationContext - Root WebApplicationContext: initialization completed in 3062 ms
10:11:17.758 [restartedMain] INFO  c.xworkz.dream.util.EncryptionHelper - {} is Created...........
10:11:18.014 [restartedMain] INFO  o.s.b.d.a.OptionalLiveReloadServer - LiveReload server is running on port 35729
10:11:19.714 [restartedMain] INFO  o.s.b.w.e.tomcat.TomcatWebServer - Tomcat started on port(s): 8081 (http) with context path ''
10:11:21.250 [restartedMain] INFO  c.xworkz.dream.XworkzApiApplication - Started XworkzApiApplication in 7.387 seconds (JVM running for 68880.436)
10:11:21.256 [restartedMain] INFO  o.s.b.d.a.ConditionEvaluationDeltaLoggingListener - Condition evaluation unchanged
10:11:29.138 [http-nio-8081-exec-2] INFO  o.a.c.c.C.[Tomcat].[localhost].[/] - Initializing Spring DispatcherServlet 'dispatcherServlet'
10:11:29.142 [http-nio-8081-exec-2] INFO  o.s.web.servlet.DispatcherServlet - Initializing Servlet 'dispatcherServlet'
10:11:29.145 [http-nio-8081-exec-2] INFO  o.s.web.servlet.DispatcherServlet - Completed initialization in 3 ms
10:14:47.021 [File Watcher] INFO  o.s.b.d.a.LocalDevToolsAutoConfiguration$RestartingClassPathChangeChangedEventListener - Restarting due to 1 class path change (0 additions, 0 deletions, 1 modification)
10:14:47.958 [Thread-22] INFO  o.a.catalina.core.StandardService - Stopping service [Tomcat]
10:14:47.961 [Thread-22] INFO  o.a.c.c.C.[Tomcat].[localhost].[/] - Destroying Spring FrameworkServlet 'dispatcherServlet'
10:14:50.940 [restartedMain] INFO  c.xworkz.dream.XworkzApiApplication - Starting XworkzApiApplication using Java 1.8.0_261 on DESKTOP-E3TF7AL with PID 10732 (C:\Users\Dell\Desktop\DREAM\Xworkz-Api\bin\main started by Dell in C:\Users\Dell\Desktop\DREAM\Xworkz-Api)
10:14:50.941 [restartedMain] INFO  c.xworkz.dream.XworkzApiApplication - The following 1 profile is active: "local"
10:14:54.016 [restartedMain] INFO  o.s.cloud.context.scope.GenericScope - BeanFactory id=23aabf2e-d200-3b67-ab4a-1602ec35ccb7
10:14:54.476 [restartedMain] INFO  o.s.b.w.e.tomcat.TomcatWebServer - Tomcat initialized with port(s): 8081 (http)
10:14:54.478 [restartedMain] INFO  o.a.c.core.AprLifecycleListener - An older version [1.2.25] of the Apache Tomcat Native library is installed, while Tomcat recommends a minimum version of [1.2.30]
10:14:54.480 [restartedMain] INFO  o.a.c.core.AprLifecycleListener - Loaded Apache Tomcat Native library [1.2.25] using APR version [1.7.0].
10:14:54.481 [restartedMain] INFO  o.a.c.core.AprLifecycleListener - APR capabilities: IPv6 [true], sendfile [true], accept filters [false], random [true], UDS [false].
10:14:54.485 [restartedMain] INFO  o.a.c.core.AprLifecycleListener - APR/OpenSSL configuration: useAprConnector [false], useOpenSSL [true]
10:14:54.491 [restartedMain] INFO  o.a.c.core.AprLifecycleListener - OpenSSL successfully initialized [OpenSSL 1.1.1g  21 Apr 2020]
10:14:54.498 [restartedMain] INFO  o.a.catalina.core.StandardService - Starting service [Tomcat]
10:14:54.499 [restartedMain] INFO  o.a.catalina.core.StandardEngine - Starting Servlet engine: [Apache Tomcat/9.0.68]
10:14:54.571 [restartedMain] INFO  o.a.c.c.C.[Tomcat].[localhost].[/] - Initializing Spring embedded WebApplicationContext
10:14:54.571 [restartedMain] INFO  o.s.b.w.s.c.ServletWebServerApplicationContext - Root WebApplicationContext: initialization completed in 3623 ms
10:14:54.670 [restartedMain] INFO  c.xworkz.dream.util.EncryptionHelper - {} is Created...........
10:14:55.124 [restartedMain] INFO  o.s.b.d.a.OptionalLiveReloadServer - LiveReload server is running on port 35729
10:15:00.642 [restartedMain] INFO  o.s.b.w.e.tomcat.TomcatWebServer - Tomcat started on port(s): 8081 (http) with context path ''
10:15:04.422 [restartedMain] INFO  c.xworkz.dream.XworkzApiApplication - Started XworkzApiApplication in 15.566 seconds (JVM running for 69103.608)
10:15:04.433 [restartedMain] INFO  o.s.b.d.a.ConditionEvaluationDeltaLoggingListener - Condition evaluation unchanged
10:22:31.024 [http-nio-8081-exec-3] INFO  o.a.c.c.C.[Tomcat].[localhost].[/] - Initializing Spring DispatcherServlet 'dispatcherServlet'
10:22:31.055 [http-nio-8081-exec-3] INFO  o.s.web.servlet.DispatcherServlet - Initializing Servlet 'dispatcherServlet'
10:22:31.155 [http-nio-8081-exec-3] INFO  o.s.web.servlet.DispatcherServlet - Completed initialization in 100 ms
10:22:31.463 [http-nio-8081-exec-7] INFO  c.x.d.resource.DreamApiController - Getting CourseName : Active
10:22:32.466 [http-nio-8081-exec-9] INFO  c.x.dream.resource.OptionController - Getting Dropddown data
10:22:32.548 [http-nio-8081-exec-10] INFO  c.x.d.resource.DreamApiController - Getting CourseName : Active
10:23:00.194 [http-nio-8081-exec-4] INFO  c.x.dream.resource.OptionController - Getting Dropddown data
10:23:00.197 [http-nio-8081-exec-1] INFO  c.x.d.resource.DreamApiController - Getting CourseName : Active
10:23:00.209 [http-nio-8081-exec-2] INFO  c.x.dream.resource.OptionController - Getting Dropddown data
10:32:38.640 [http-nio-8081-exec-8] INFO  c.x.d.resource.DreamApiController - Getting CourseName : Active
10:32:53.875 [http-nio-8081-exec-1] INFO  c.x.d.resource.DreamApiController - Getting CourseName : Active
10:32:53.892 [http-nio-8081-exec-4] INFO  c.x.dream.resource.OptionController - Getting Dropddown data
10:32:53.893 [http-nio-8081-exec-7] INFO  c.x.d.resource.DreamApiController - Getting CourseName : Active
10:33:40.731 [http-nio-8081-exec-3] INFO  c.x.d.resource.DreamApiController - Getting CourseName : Active
10:33:51.914 [http-nio-8081-exec-10] INFO  c.x.dream.resource.OptionController - Getting Dropddown data
10:33:51.922 [http-nio-8081-exec-6] INFO  c.x.d.resource.DreamApiController - Getting CourseName : Active
10:33:51.934 [http-nio-8081-exec-4] INFO  c.x.d.resource.DreamApiController - Getting CourseName : Active
10:34:26.163 [http-nio-8081-exec-7] INFO  c.x.d.resource.DreamApiController - Getting CourseName : Active
10:37:38.533 [http-nio-8081-exec-5] INFO  c.x.d.service.AttendanceServiceImpl - Attendance Detiles Added Sucessfully SpreadsheetId: 1p3G4et36vkzSDs3W63cj6qnUFEWljLos2HHXIZd78Gg , Detiles: AttendanceDto(id=5, basicInfo=BasicInfoDto(traineeName=Raghu, email=raghu.xworkz@gmail.com, contactNumber=9897337272, dateOfBirth=null), courseInfo=CourseDto(course=Aug-21, branch=Rajajinagr, trainerName=null, batchType=null, batchTiming=Evening, startTime=null, offeredAs=null), preferredLocation=null, attemptStatus=null, date=null, markAs=1, absent=null, present=null, isButton=null, yColor=null, nColor=null) 
10:40:19.914 [http-nio-8081-exec-3] INFO  c.x.dream.resource.OptionController - Getting Dropddown data
10:40:19.917 [http-nio-8081-exec-3] INFO  c.x.d.resource.DreamApiController - Getting CourseName : Active
10:40:22.904 [http-nio-8081-exec-4] INFO  c.x.dream.resource.OptionController - Getting Dropddown data
10:40:22.915 [http-nio-8081-exec-9] INFO  c.x.d.resource.DreamApiController - Getting CourseName : Active
10:40:22.942 [http-nio-8081-exec-7] INFO  c.x.d.resource.DreamApiController - Getting CourseName : Active
10:40:30.329 [http-nio-8081-exec-10] INFO  c.x.dream.resource.OptionController - Getting Dropddown data
10:40:30.332 [http-nio-8081-exec-6] INFO  c.x.d.resource.DreamApiController - Getting CourseName : Active
10:40:30.339 [http-nio-8081-exec-4] INFO  c.x.dream.resource.OptionController - Getting Dropddown data
15:31:40.917 [http-nio-8081-exec-3] INFO  c.x.d.resource.DreamApiController - Getting CourseName : Active
15:39:24.691 [File Watcher] INFO  o.s.b.d.a.LocalDevToolsAutoConfiguration$RestartingClassPathChangeChangedEventListener - Restarting due to 1 class path change (0 additions, 0 deletions, 1 modification)
15:39:25.925 [Thread-28] INFO  o.a.catalina.core.StandardService - Stopping service [Tomcat]
15:39:25.947 [Thread-28] INFO  o.a.c.c.C.[Tomcat].[localhost].[/] - Destroying Spring FrameworkServlet 'dispatcherServlet'
15:39:29.255 [restartedMain] INFO  c.xworkz.dream.XworkzApiApplication - Starting XworkzApiApplication using Java 1.8.0_261 on DESKTOP-E3TF7AL with PID 10732 (C:\Users\Dell\Desktop\DREAM\Xworkz-Api\bin\main started by Dell in C:\Users\Dell\Desktop\DREAM\Xworkz-Api)
15:39:29.256 [restartedMain] INFO  c.xworkz.dream.XworkzApiApplication - The following 1 profile is active: "local"
15:39:31.022 [restartedMain] INFO  o.s.cloud.context.scope.GenericScope - BeanFactory id=23aabf2e-d200-3b67-ab4a-1602ec35ccb7
15:39:31.535 [restartedMain] INFO  o.s.b.w.e.tomcat.TomcatWebServer - Tomcat initialized with port(s): 8081 (http)
15:39:31.536 [restartedMain] INFO  o.a.c.core.AprLifecycleListener - An older version [1.2.25] of the Apache Tomcat Native library is installed, while Tomcat recommends a minimum version of [1.2.30]
15:39:31.537 [restartedMain] INFO  o.a.c.core.AprLifecycleListener - Loaded Apache Tomcat Native library [1.2.25] using APR version [1.7.0].
15:39:31.537 [restartedMain] INFO  o.a.c.core.AprLifecycleListener - APR capabilities: IPv6 [true], sendfile [true], accept filters [false], random [true], UDS [false].
15:39:31.538 [restartedMain] INFO  o.a.c.core.AprLifecycleListener - APR/OpenSSL configuration: useAprConnector [false], useOpenSSL [true]
15:39:31.547 [restartedMain] INFO  o.a.c.core.AprLifecycleListener - OpenSSL successfully initialized [OpenSSL 1.1.1g  21 Apr 2020]
15:39:31.548 [restartedMain] INFO  o.a.catalina.core.StandardService - Starting service [Tomcat]
15:39:31.549 [restartedMain] INFO  o.a.catalina.core.StandardEngine - Starting Servlet engine: [Apache Tomcat/9.0.68]
15:39:31.596 [restartedMain] INFO  o.a.c.c.C.[Tomcat].[localhost].[/] - Initializing Spring embedded WebApplicationContext
15:39:31.597 [restartedMain] INFO  o.s.b.w.s.c.ServletWebServerApplicationContext - Root WebApplicationContext: initialization completed in 2331 ms
15:39:31.618 [restartedMain] INFO  c.xworkz.dream.util.EncryptionHelper - {} is Created...........
15:39:31.781 [restartedMain] INFO  o.s.b.d.a.OptionalLiveReloadServer - LiveReload server is running on port 35729
15:39:33.515 [restartedMain] INFO  o.s.b.w.e.tomcat.TomcatWebServer - Tomcat started on port(s): 8081 (http) with context path ''
15:39:35.160 [restartedMain] INFO  c.xworkz.dream.XworkzApiApplication - Started XworkzApiApplication in 6.573 seconds (JVM running for 88574.352)
15:39:35.164 [restartedMain] INFO  o.s.b.d.a.ConditionEvaluationDeltaLoggingListener - Condition evaluation unchanged
18:27:41.658 [File Watcher] INFO  o.s.b.d.a.LocalDevToolsAutoConfiguration$RestartingClassPathChangeChangedEventListener - Restarting due to 3 class path changes (0 additions, 0 deletions, 3 modifications)
18:27:42.371 [Thread-34] INFO  o.a.catalina.core.StandardService - Stopping service [Tomcat]
18:27:44.976 [restartedMain] INFO  c.xworkz.dream.XworkzApiApplication - Starting XworkzApiApplication using Java 1.8.0_261 on DESKTOP-E3TF7AL with PID 10732 (C:\Users\Dell\Desktop\DREAM\Xworkz-Api\bin\main started by Dell in C:\Users\Dell\Desktop\DREAM\Xworkz-Api)
18:27:44.977 [restartedMain] INFO  c.xworkz.dream.XworkzApiApplication - The following 1 profile is active: "local"
18:27:46.722 [restartedMain] INFO  o.s.cloud.context.scope.GenericScope - BeanFactory id=23aabf2e-d200-3b67-ab4a-1602ec35ccb7
18:27:47.681 [restartedMain] INFO  o.s.b.w.e.tomcat.TomcatWebServer - Tomcat initialized with port(s): 8081 (http)
18:27:47.682 [restartedMain] INFO  o.a.c.core.AprLifecycleListener - An older version [1.2.25] of the Apache Tomcat Native library is installed, while Tomcat recommends a minimum version of [1.2.30]
18:27:47.683 [restartedMain] INFO  o.a.c.core.AprLifecycleListener - Loaded Apache Tomcat Native library [1.2.25] using APR version [1.7.0].
18:27:47.683 [restartedMain] INFO  o.a.c.core.AprLifecycleListener - APR capabilities: IPv6 [true], sendfile [true], accept filters [false], random [true], UDS [false].
18:27:47.683 [restartedMain] INFO  o.a.c.core.AprLifecycleListener - APR/OpenSSL configuration: useAprConnector [false], useOpenSSL [true]
18:27:47.690 [restartedMain] INFO  o.a.c.core.AprLifecycleListener - OpenSSL successfully initialized [OpenSSL 1.1.1g  21 Apr 2020]
18:27:47.692 [restartedMain] INFO  o.a.catalina.core.StandardService - Starting service [Tomcat]
18:27:47.693 [restartedMain] INFO  o.a.catalina.core.StandardEngine - Starting Servlet engine: [Apache Tomcat/9.0.68]
18:27:47.807 [restartedMain] INFO  o.a.c.c.C.[Tomcat].[localhost].[/] - Initializing Spring embedded WebApplicationContext
18:27:47.807 [restartedMain] INFO  o.s.b.w.s.c.ServletWebServerApplicationContext - Root WebApplicationContext: initialization completed in 2820 ms
18:27:47.846 [restartedMain] INFO  c.xworkz.dream.util.EncryptionHelper - {} is Created...........
18:27:48.463 [restartedMain] INFO  o.s.b.d.a.OptionalLiveReloadServer - LiveReload server is running on port 35729
18:27:51.694 [restartedMain] INFO  o.s.b.w.e.tomcat.TomcatWebServer - Tomcat started on port(s): 8081 (http) with context path ''
18:27:53.659 [restartedMain] INFO  c.xworkz.dream.XworkzApiApplication - Started XworkzApiApplication in 9.619 seconds (JVM running for 98672.858)
18:27:53.664 [restartedMain] INFO  o.s.b.d.a.ConditionEvaluationDeltaLoggingListener - Condition evaluation unchanged
18:28:12.713 [File Watcher] INFO  o.s.b.d.a.LocalDevToolsAutoConfiguration$RestartingClassPathChangeChangedEventListener - Restarting due to 1 class path change (0 additions, 0 deletions, 1 modification)
